=== MeLive 提取记录 ===
文件:MeLive.m3u | 提取名:[One] | 匹配Key:[ONE]
文件:MeLive.m3u | 提取名:[AEC] | 匹配Key:[AEC]
文件:MeLive.m3u | 提取名:[AOD] | 匹配Key:[AOD]
文件:MeLive.m3u | 提取名:[华丽台 HD (Wah Lai Toi)] | 匹配Key:[华丽台 HD (WAH LAI TOI)]
文件:MeLive.m3u | 提取名:[欢喜台 HD(Hua Hee Tai)] | 匹配Key:[欢喜台 HD(HUA HEE TAI)]
文件:MeLive.m3u | 提取名:[Astro QJ] | 匹配Key:[ASTRO QJ]
文件:MeLive.m3u | 提取名:[TVB Jade] | 匹配Key:[TVB JADE]
文件:MeLive.m3u | 提取名:[爱奇艺 iQiyi] | 匹配Key:[爱奇艺 IQIYI]
文件:MeLive.m3u | 提取名:[TVB 星河台  Xing He] | 匹配Key:[TVB 星河台  XING HE]
文件:MeLive.m3u | 提取名:[TVB Asia] | 匹配Key:[TVB ASIA]
文件:MeLive.m3u | 提取名:[TVB Entertainment] | 匹配Key:[TVB ENTERTAINMENT]
文件:MeLive.m3u | 提取名:[TVB Classic] | 匹配Key:[TVB CLASSIC]
文件:MeLive.m3u | 提取名:[Celestial Classic] | 匹配Key:[CELESTIAL CLASSIC]
文件:MeLive.m3u | 提取名:[Celestial Movies HD] | 匹配Key:[CELESTIAL MOVIES HD]
文件:MeLive.m3u | 提取名:[翡翠台] | 匹配Key:[翡翠台]
文件:MeLive.m3u | 提取名:[翡翠台 (Back up 1)] | 匹配Key:[翡翠台 (BACK UP 1)]
文件:MeLive.m3u | 提取名:[iNews 互動新聞台] | 匹配Key:[INEWS 互動新聞台]
文件:MeLive.m3u | 提取名:[J 2] | 匹配Key:[J 2]
文件:MeLive.m3u | 提取名:[珍珠台] | 匹配Key:[珍珠台]
文件:MeLive.m3u | 提取名:[凤凰香港] | 匹配Key:[凤凰香港]
文件:MeLive.m3u | 提取名:[无线财经资讯台] | 匹配Key:[无线财经资讯台]
文件:MeLive.m3u | 提取名:[RHK 31] | 匹配Key:[RHK 31]
文件:MeLive.m3u | 提取名:[VIUTV1] | 匹配Key:[VIUTV1]
文件:MeLive.m3u | 提取名:[RHK 32] | 匹配Key:[RHK 32]
文件:MeLive.m3u | 提取名:[TVB Asia] | 匹配Key:[TVB ASIA]
文件:MeLive.m3u | 提取名:[凤凰卫视] | 匹配Key:[凤凰卫视]
文件:MeLive.m3u | 提取名:[鳳凰資訊] | 匹配Key:[鳳凰資訊]
文件:MeLive.m3u | 提取名:[TVB Entertainment] | 匹配Key:[TVB ENTERTAINMENT]
文件:MeLive.m3u | 提取名:[TVB Classic] | 匹配Key:[TVB CLASSIC]
文件:MeLive.m3u | 提取名:[Viu6] | 匹配Key:[VIU6]
文件:MeLive.m3u | 提取名:[Astro PL 1] | 匹配Key:[ASTRO PL 1]
文件:MeLive.m3u | 提取名:[Astro PL 1 (Back Up 1)] | 匹配Key:[ASTRO PL 1 (BACK UP 1)]
文件:MeLive.m3u | 提取名:[Astro PL 1 (Back Up 2)] | 匹配Key:[ASTRO PL 1 (BACK UP 2)]
文件:MeLive.m3u | 提取名:[Astro W-Sports] | 匹配Key:[ASTRO W-SPORTS]
文件:MeLive.m3u | 提取名:[Astro PL 2] | 匹配Key:[ASTRO PL 2]
文件:MeLive.m3u | 提取名:[WWE] | 匹配Key:[WWE]
文件:MeLive.m3u | 提取名:[博斯高球2 HD] | 匹配Key:[博斯高球2 HD]
文件:MeLive.m3u | 提取名:[博斯网球 HD] | 匹配Key:[博斯网球 HD]
文件:MeLive.m3u | 提取名:[NBA TV] | 匹配Key:[NBA TV]
文件:MeLive.m3u | 提取名:[Arena] | 匹配Key:[ARENA]
文件:MeLive.m3u | 提取名:[Arena 2] | 匹配Key:[ARENA 2]
文件:MeLive.m3u | 提取名:[Arena Bola 1] | 匹配Key:[ARENA BOLA 1]
文件:MeLive.m3u | 提取名:[Arena Bola 2] | 匹配Key:[ARENA BOLA 2]
文件:MeLive.m3u | 提取名:[Astro Golf] | 匹配Key:[ASTRO GOLF]
文件:MeLive.m3u | 提取名:[RTM Sports HD] | 匹配Key:[RTM SPORTS HD]
文件:MeLive.m3u | 提取名:[Astro Football] | 匹配Key:[ASTRO FOOTBALL]
文件:MeLive.m3u | 提取名:[Astro Football (Back Up 1)] | 匹配Key:[ASTRO FOOTBALL (BACK UP 1)]
文件:MeLive.m3u | 提取名:[Astro Badminton] | 匹配Key:[ASTRO BADMINTON]
文件:MeLive.m3u | 提取名:[Astro Badminton 2] | 匹配Key:[ASTRO BADMINTON 2]
文件:MeLive.m3u | 提取名:[SPOTV 1 HD] | 匹配Key:[SPOTV 1 HD]
文件:MeLive.m3u | 提取名:[SPO TV 2] | 匹配Key:[SPO TV 2]
文件:MeLive.m3u | 提取名:[CCTV-5 體育] | 匹配Key:[CCTV-5 體育]
文件:MeLive.m3u | 提取名:[CCTV-5+ 體育] | 匹配Key:[CCTV-5+ 體育]
文件:MeLive.m3u | 提取名:[Supersports 2] | 匹配Key:[SUPERSPORTS 2]
文件:MeLive.m3u | 提取名:[Astro Grandstand] | 匹配Key:[ASTRO GRANDSTAND]
文件:MeLive.m3u | 提取名:[Astro Cricket] | 匹配Key:[ASTRO CRICKET]
文件:MeLive.m3u | 提取名:[Tnt Sports 1] | 匹配Key:[TNT SPORTS 1]
文件:MeLive.m3u | 提取名:[Astro Grandstand (Back Up 1)] | 匹配Key:[ASTRO GRANDSTAND (BACK UP 1)]
文件:MeLive.m3u | 提取名:[TNT Sports 2] | 匹配Key:[TNT SPORTS 2]
文件:MeLive.m3u | 提取名:[TNT Sports 3] | 匹配Key:[TNT SPORTS 3]
文件:MeLive.m3u | 提取名:[TNT Sports 4] | 匹配Key:[TNT SPORTS 4]
文件:MeLive.m3u | 提取名:[Astro Sports Plus] | 匹配Key:[ASTRO SPORTS PLUS]
文件:MeLive.m3u | 提取名:[Elta体育1台] | 匹配Key:[ELTA体育1台]
文件:MeLive.m3u | 提取名:[Elta體育2台] | 匹配Key:[ELTA體育2台]
文件:MeLive.m3u | 提取名:[Elta體育3台] | 匹配Key:[ELTA體育3台]
文件:MeLive.m3u | 提取名:[Rugby Pass TV] | 匹配Key:[RUGBY PASS TV]
文件:MeLive.m3u | 提取名:[Astro Beinsports 1] | 匹配Key:[ASTRO BEINSPORTS 1]
文件:MeLive.m3u | 提取名:[Astro Beinsports 2] | 匹配Key:[ASTRO BEINSPORTS 2]
文件:MeLive.m3u | 提取名:[Astro Beinsports 3] | 匹配Key:[ASTRO BEINSPORTS 3]
文件:MeLive.m3u | 提取名:[Skysports Cricket] | 匹配Key:[SKYSPORTS CRICKET]
文件:MeLive.m3u | 提取名:[Skysports EPL] | 匹配Key:[SKYSPORTS EPL]
文件:MeLive.m3u | 提取名:[Skysports F1] | 匹配Key:[SKYSPORTS F1]
文件:MeLive.m3u | 提取名:[Skysports Golf] | 匹配Key:[SKYSPORTS GOLF]
文件:MeLive.m3u | 提取名:[Skysports Main Event] | 匹配Key:[SKYSPORTS MAIN EVENT]
文件:MeLive.m3u | 提取名:[Skysports Mix] | 匹配Key:[SKYSPORTS MIX]
文件:MeLive.m3u | 提取名:[Skysports Racing] | 匹配Key:[SKYSPORTS RACING]
文件:MeLive.m3u | 提取名:[DAZN 1] | 匹配Key:[DAZN 1]
文件:MeLive.m3u | 提取名:[DAZN 2] | 匹配Key:[DAZN 2]
文件:MeLive.m3u | 提取名:[Eurosport] | 匹配Key:[EUROSPORT]
文件:MeLive.m3u | 提取名:[TVBS 歡樂台] | 匹配Key:[TVBS 歡樂台]
文件:MeLive.m3u | 提取名:[TVBS HD] | 匹配Key:[TVBS HD]
文件:MeLive.m3u | 提取名:[中天娱乐 CTI Entertaiment] | 匹配Key:[中天娱乐 CTI ENTERTAIMENT]
文件:MeLive.m3u | 提取名:[中天综合 CTI Metro] | 匹配Key:[中天综合 CTI METRO]
文件:MeLive.m3u | 提取名:[中天亚洲台] | 匹配Key:[中天亚洲台]
文件:MeLive.m3u | 提取名:[台视 TTV HD] | 匹配Key:[台视 TTV HD]
文件:MeLive.m3u | 提取名:[台视综合台] | 匹配Key:[台视综合台]
文件:MeLive.m3u | 提取名:[中视 HD] | 匹配Key:[中视 HD]
文件:MeLive.m3u | 提取名:[民视 HD] | 匹配Key:[民视 HD]
文件:MeLive.m3u | 提取名:[民视台湾台] | 匹配Key:[民视台湾台]
文件:MeLive.m3u | 提取名:[华视 CTS HD] | 匹配Key:[华视 CTS HD]
文件:MeLive.m3u | 提取名:[公视 CTV] | 匹配Key:[公视 CTV]
文件:MeLive.m3u | 提取名:[八大第一 GTV First] | 匹配Key:[八大第一 GTV FIRST]
文件:MeLive.m3u | 提取名:[八大综合 GTV Metro] | 匹配Key:[八大综合 GTV METRO]
文件:MeLive.m3u | 提取名:[八大戏剧 GTV Drama] | 匹配Key:[八大戏剧 GTV DRAMA]
文件:MeLive.m3u | 提取名:[八大娱乐 GTV Entertainment] | 匹配Key:[八大娱乐 GTV ENTERTAINMENT]
文件:MeLive.m3u | 提取名:[HBO_HD] | 匹配Key:[HBO_HD]
文件:MeLive.m3u | 提取名:[HBO_HITS] | 匹配Key:[HBO_HITS]
文件:MeLive.m3u | 提取名:[HBO Signature Taiwan] | 匹配Key:[HBO SIGNATURE TAIWAN]
文件:MeLive.m3u | 提取名:[Hollywood Movies] | 匹配Key:[HOLLYWOOD MOVIES]
文件:MeLive.m3u | 提取名:[三立台湾 Sanli Taiwan] | 匹配Key:[三立台湾 SANLI TAIWAN]
文件:MeLive.m3u | 提取名:[三立戏剧台] | 匹配Key:[三立戏剧台]
文件:MeLive.m3u | 提取名:[三立综合 Sanli Metro] | 匹配Key:[三立综合 SANLI METRO]
文件:MeLive.m3u | 提取名:[三立都会台] | 匹配Key:[三立都会台]
文件:MeLive.m3u | 提取名:[东森综合 ETTV Metro] | 匹配Key:[东森综合 ETTV METRO]
文件:MeLive.m3u | 提取名:[东森戏剧 ETTV Drama] | 匹配Key:[东森戏剧 ETTV DRAMA]
文件:MeLive.m3u | 提取名:[公视2] | 匹配Key:[公视2]
文件:MeLive.m3u | 提取名:[大爱1台] | 匹配Key:[大爱1台]
文件:MeLive.m3u | 提取名:[龙华戏剧 Lunghua Drama] | 匹配Key:[龙华戏剧 LUNGHUA DRAMA]
文件:MeLive.m3u | 提取名:[龙华经典台] | 匹配Key:[龙华经典台]
文件:MeLive.m3u | 提取名:[龙华偶像] | 匹配Key:[龙华偶像]
文件:MeLive.m3u | 提取名:[AXN Taiwan] | 匹配Key:[AXN TAIWAN]
文件:MeLive.m3u | 提取名:[靖天国际台] | 匹配Key:[靖天国际台]
文件:MeLive.m3u | 提取名:[CINEMAX] | 匹配Key:[CINEMAX]
文件:MeLive.m3u | 提取名:[年代新闻] | 匹配Key:[年代新闻]
文件:MeLive.m3u | 提取名:[纬来日本台] | 匹配Key:[纬来日本台]
文件:MeLive.m3u | 提取名:[纬来电影台] | 匹配Key:[纬来电影台]
文件:MeLive.m3u | 提取名:[纬来体育台] | 匹配Key:[纬来体育台]
文件:MeLive.m3u | 提取名:[纬来综合台] | 匹配Key:[纬来综合台]
文件:MeLive.m3u | 提取名:[纬来育乐] | 匹配Key:[纬来育乐]
文件:MeLive.m3u | 提取名:[纬来精彩] | 匹配Key:[纬来精彩]
文件:MeLive.m3u | 提取名:[DW (Deutsch)] | 匹配Key:[DW (DEUTSCH)]
文件:MeLive.m3u | 提取名:[好消息 2] | 匹配Key:[好消息 2]
文件:MeLive.m3u | 提取名:[大爱2台] | 匹配Key:[大爱2台]
文件:MeLive.m3u | 提取名:[亚洲美食] | 匹配Key:[亚洲美食]
文件:MeLive.m3u | 提取名:[亚洲旅游 TLC Asia] | 匹配Key:[亚洲旅游 TLC ASIA]
文件:MeLive.m3u | 提取名:[东森电影 ETTV Movie] | 匹配Key:[东森电影 ETTV MOVIE]
文件:MeLive.m3u | 提取名:[阿里郎 Arirang] | 匹配Key:[阿里郎 ARIRANG]
文件:MeLive.m3u | 提取名:[博斯运动 1] | 匹配Key:[博斯运动 1]
文件:MeLive.m3u | 提取名:[博斯运动 2] | 匹配Key:[博斯运动 2]
文件:MeLive.m3u | 提取名:[博斯高球2 HD] | 匹配Key:[博斯高球2 HD]
文件:MeLive.m3u | 提取名:[博斯网球 HD] | 匹配Key:[博斯网球 HD]
文件:MeLive.m3u | 提取名:[东森洋片 ETTV Western] | 匹配Key:[东森洋片 ETTV WESTERN]
文件:MeLive.m3u | 提取名:[龙华洋片 Lunghua Western] | 匹配Key:[龙华洋片 LUNGHUA WESTERN]
文件:MeLive.m3u | 提取名:[博斯无限] | 匹配Key:[博斯无限]
文件:MeLive.m3u | 提取名:[MTV Live] | 匹配Key:[MTV LIVE]
文件:MeLive.m3u | 提取名:[龙详时代] | 匹配Key:[龙详时代]
文件:MeLive.m3u | 提取名:[EYETV 旅游] | 匹配Key:[EYETV 旅游]
文件:MeLive.m3u | 提取名:[靖天卡通台] | 匹配Key:[靖天卡通台]
文件:MeLive.m3u | 提取名:[EYETV 戏剧] | 匹配Key:[EYETV 戏剧]
文件:MeLive.m3u | 提取名:[卫视中文台 Star Movies Chinese] | 匹配Key:[卫视中文台 STAR MOVIES CHINESE]
文件:MeLive.m3u | 提取名:[东森幼幼 Yoyo TV] | 匹配Key:[东森幼幼 YOYO TV]
文件:MeLive.m3u | 提取名:[美亚电影] | 匹配Key:[美亚电影]
文件:MeLive.m3u | 提取名:[爱尔达戏剧台] | 匹配Key:[爱尔达戏剧台]
文件:MeLive.m3u | 提取名:[TVBS News 新聞台] | 匹配Key:[TVBS NEWS 新聞台]
文件:MeLive.m3u | 提取名:[Asia Food Network] | 匹配Key:[ASIA FOOD NETWORK]
文件:MeLive.m3u | 提取名:[東森新聞 ETTV News] | 匹配Key:[東森新聞 ETTV NEWS]
文件:MeLive.m3u | 提取名:[東森財經新聞 ETTV Business] | 匹配Key:[東森財經新聞 ETTV BUSINESS]
文件:MeLive.m3u | 提取名:[中天新聞 CTI News] | 匹配Key:[中天新聞 CTI NEWS]
文件:MeLive.m3u | 提取名:[非凡新聞台] | 匹配Key:[非凡新聞台]
文件:MeLive.m3u | 提取名:[台視新聞台 TTV News] | 匹配Key:[台視新聞台 TTV NEWS]
文件:MeLive.m3u | 提取名:[Elta体育1台] | 匹配Key:[ELTA体育1台]
文件:MeLive.m3u | 提取名:[Elta體育2台] | 匹配Key:[ELTA體育2台]
文件:MeLive.m3u | 提取名:[Elta體育3台] | 匹配Key:[ELTA體育3台]
文件:MeLive.m3u | 提取名:[民視新聞台 FTV News] | 匹配Key:[民視新聞台 FTV NEWS]
文件:MeLive.m3u | 提取名:[寰宇新聞台] | 匹配Key:[寰宇新聞台]
文件:MeLive.m3u | 提取名:[中視新聞台] | 匹配Key:[中視新聞台]
文件:MeLive.m3u | 提取名:[DAZN 1] | 匹配Key:[DAZN 1]
文件:MeLive.m3u | 提取名:[DAZN 2] | 匹配Key:[DAZN 2]
文件:MeLive.m3u | 提取名:[探索频道] | 匹配Key:[探索频道]
文件:MeLive.m3u | 提取名:[CCTV-13 新聞與頻道] | 匹配Key:[CCTV-13 新聞與頻道]
文件:MeLive.m3u | 提取名:[CGTN] | 匹配Key:[CGTN]
文件:MeLive.m3u | 提取名:[TVBS News 新聞台] | 匹配Key:[TVBS NEWS 新聞台]
文件:MeLive.m3u | 提取名:[東森新聞 ETTV News] | 匹配Key:[東森新聞 ETTV NEWS]
文件:MeLive.m3u | 提取名:[東森財經新聞 ETTV Business] | 匹配Key:[東森財經新聞 ETTV BUSINESS]
文件:MeLive.m3u | 提取名:[中天新聞 CTI News] | 匹配Key:[中天新聞 CTI NEWS]
文件:MeLive.m3u | 提取名:[非凡新聞台] | 匹配Key:[非凡新聞台]
文件:MeLive.m3u | 提取名:[台視新聞台 TTV News] | 匹配Key:[台視新聞台 TTV NEWS]
文件:MeLive.m3u | 提取名:[民視新聞台 FTV News] | 匹配Key:[民視新聞台 FTV NEWS]
文件:MeLive.m3u | 提取名:[寰宇新聞台] | 匹配Key:[寰宇新聞台]
文件:MeLive.m3u | 提取名:[中視新聞台] | 匹配Key:[中視新聞台]
文件:MeLive.m3u | 提取名:[CCTV-1 綜合] | 匹配Key:[CCTV-1 綜合]
文件:MeLive.m3u | 提取名:[CCTV-2 財經] | 匹配Key:[CCTV-2 財經]
文件:MeLive.m3u | 提取名:[CCTV-3 綜藝] | 匹配Key:[CCTV-3 綜藝]
文件:MeLive.m3u | 提取名:[CCTV-4 中文國際] | 匹配Key:[CCTV-4 中文國際]
文件:MeLive.m3u | 提取名:[CCTV-4 中文國際 (備:1)] | 匹配Key:[CCTV-4 中文國際 (備:1)]
文件:MeLive.m3u | 提取名:[CCTV-6 電影] | 匹配Key:[CCTV-6 電影]
文件:MeLive.m3u | 提取名:[CCTV-7 軍事農業] | 匹配Key:[CCTV-7 軍事農業]
文件:MeLive.m3u | 提取名:[CCTV-8 電視劇] | 匹配Key:[CCTV-8 電視劇]
文件:MeLive.m3u | 提取名:[CCTV-9 紀錄] | 匹配Key:[CCTV-9 紀錄]
文件:MeLive.m3u | 提取名:[CCTV-10 科教] | 匹配Key:[CCTV-10 科教]
文件:MeLive.m3u | 提取名:[CCTV-11 戲曲] | 匹配Key:[CCTV-11 戲曲]
文件:MeLive.m3u | 提取名:[CCTV-12 社會與法] | 匹配Key:[CCTV-12 社會與法]
文件:MeLive.m3u | 提取名:[CCTV-14 少兒] | 匹配Key:[CCTV-14 少兒]
文件:MeLive.m3u | 提取名:[CCTV-15 音樂] | 匹配Key:[CCTV-15 音樂]
文件:MeLive.m3u | 提取名:[湖南卫视] | 匹配Key:[湖南卫视]
文件:MeLive.m3u | 提取名:[浙江卫视] | 匹配Key:[浙江卫视]
文件:MeLive.m3u | 提取名:[江苏卫视] | 匹配Key:[江苏卫视]
文件:MeLive.m3u | 提取名:[CCTV-13 新聞與頻道] | 匹配Key:[CCTV-13 新聞與頻道]
文件:MeLive.m3u | 提取名:[深圳卫视] | 匹配Key:[深圳卫视]
文件:MeLive.m3u | 提取名:[福建东南卫视] | 匹配Key:[福建东南卫视]
文件:MeLive.m3u | 提取名:[广东南方卫视] | 匹配Key:[广东南方卫视]
文件:MeLive.m3u | 提取名:[广东卫视] | 匹配Key:[广东卫视]
文件:MeLive.m3u | 提取名:[北京卫视] | 匹配Key:[北京卫视]
文件:MeLive.m3u | 提取名:[珠江台] | 匹配Key:[珠江台]
文件:MeLive.m3u | 提取名:[广西卫视] | 匹配Key:[广西卫视]
文件:MeLive.m3u | 提取名:[CGTN] | 匹配Key:[CGTN]
文件:MeLive.m3u | 提取名:[湖北卫视] | 匹配Key:[湖北卫视]
文件:MeLive.m3u | 提取名:[四川卫视] | 匹配Key:[四川卫视]
文件:MeLive.m3u | 提取名:[CCTV-5 體育] | 匹配Key:[CCTV-5 體育]
文件:MeLive.m3u | 提取名:[CCTV-5+ 體育] | 匹配Key:[CCTV-5+ 體育]
文件:MeLive.m3u | 提取名:[东方卫视] | 匹配Key:[东方卫视]
文件:MeLive.m3u | 提取名:[凤凰卫视] | 匹配Key:[凤凰卫视]
文件:MeLive.m3u | 提取名:[鳳凰資訊] | 匹配Key:[鳳凰資訊]
文件:MeLive.m3u | 提取名:[Momo TV] | 匹配Key:[MOMO TV]
文件:MeLive.m3u | 提取名:[靖天卡通台] | 匹配Key:[靖天卡通台]
文件:MeLive.m3u | 提取名:[东森幼幼 Yoyo TV] | 匹配Key:[东森幼幼 YOYO TV]
文件:MeLive.m3u | 提取名:[Nickelodeon] | 匹配Key:[NICKELODEON]
文件:MeLive.m3u | 提取名:[Channel 5] | 匹配Key:[CHANNEL 5]
文件:MeLive.m3u | 提取名:[Channel 5 backup] | 匹配Key:[CHANNEL 5 BACKUP]
文件:MeLive.m3u | 提取名:[Channel 8] | 匹配Key:[CHANNEL 8]
文件:MeLive.m3u | 提取名:[Channel 8 backup] | 匹配Key:[CHANNEL 8 BACKUP]
文件:MeLive.m3u | 提取名:[Channel U] | 匹配Key:[CHANNEL U]
文件:MeLive.m3u | 提取名:[Channel U backup] | 匹配Key:[CHANNEL U BACKUP]
文件:MeLive.m3u | 提取名:[CCTV-6 電影] | 匹配Key:[CCTV-6 電影]
文件:MeLive.m3u | 提取名:[HBO_HD] | 匹配Key:[HBO_HD]
文件:MeLive.m3u | 提取名:[HBO_HITS] | 匹配Key:[HBO_HITS]
文件:MeLive.m3u | 提取名:[HBO Signature Taiwan] | 匹配Key:[HBO SIGNATURE TAIWAN]
文件:MeLive.m3u | 提取名:[Hollywood Movies] | 匹配Key:[HOLLYWOOD MOVIES]
文件:MeLive.m3u | 提取名:[AXN Taiwan] | 匹配Key:[AXN TAIWAN]
文件:MeLive.m3u | 提取名:[CINEMAX] | 匹配Key:[CINEMAX]
文件:MeLive.m3u | 提取名:[大爱2台] | 匹配Key:[大爱2台]
文件:MeLive.m3u | 提取名:[东森电影 ETTV Movie] | 匹配Key:[东森电影 ETTV MOVIE]
文件:MeLive.m3u | 提取名:[东森洋片 ETTV Western] | 匹配Key:[东森洋片 ETTV WESTERN]
文件:MeLive.m3u | 提取名:[龙华洋片 Lunghua Western] | 匹配Key:[龙华洋片 LUNGHUA WESTERN]
文件:MeLive.m3u | 提取名:[龙详时代] | 匹配Key:[龙详时代]
文件:MeLive.m3u | 提取名:[卫视中文台 Star Movies Chinese] | 匹配Key:[卫视中文台 STAR MOVIES CHINESE]
文件:MeLive.m3u | 提取名:[美亚电影] | 匹配Key:[美亚电影]
文件:MeLive.m3u | 提取名:[天映頻道Celestial Movies] | 匹配Key:[天映頻道CELESTIAL MOVIES]
文件:MeLive.m3u | 提取名:[Celestial Classic] | 匹配Key:[CELESTIAL CLASSIC]
文件:MeLive.m3u | 提取名:[CI] | 匹配Key:[CI]
文件:MeLive.m3u | 提取名:[Asia Travel] | 匹配Key:[ASIA TRAVEL]
文件:MeLive.m3u | 提取名:[亚洲美食] | 匹配Key:[亚洲美食]
文件:MeLive.m3u | 提取名:[BBC Earth HD] | 匹配Key:[BBC EARTH HD]
文件:MeLive.m3u | 提取名:[BBC Earth Lifestyle] | 匹配Key:[BBC EARTH LIFESTYLE]
文件:MeLive.m3u | 提取名:[HGTV] | 匹配Key:[HGTV]
文件:MeLive.m3u | 提取名:[探索频道] | 匹配Key:[探索频道]
