DEBUG: 未匹配频道: [广东珠江] 来自 ChinaTV.txt
DEBUG: 未匹配频道: [广东珠江] 来自 ChinaTV.txt
DEBUG: 未匹配频道: [广东珠江] 来自 ChinaTV.txt
DEBUG: 未匹配频道: [广东珠江] 来自 ChinaTV.txt
DEBUG: 未匹配频道: [广东珠江] 来自 ChinaTV.txt
DEBUG: 未匹配频道: [大湾区卫视] 来自 ChinaTV.txt
DEBUG: 未匹配频道: [大湾区卫视] 来自 ChinaTV.txt
DEBUG: 未匹配频道: [大湾区卫视] 来自 ChinaTV.txt
DEBUG: 未匹配频道: [大湾区卫视] 来自 ChinaTV.txt
DEBUG: 未匹配频道: [广东影视] 来自 ChinaTV.txt
DEBUG: 未匹配频道: [广东影视] 来自 ChinaTV.txt
DEBUG: 未匹配频道: [广东影视] 来自 ChinaTV.txt
DEBUG: 未匹配频道: [金鹰卡通] 来自 ChinaTV.txt
DEBUG: 未匹配频道: [甘肃卫视] 来自 ChinaTV.txt
DEBUG: 未匹配频道: [山西卫视] 来自 ChinaTV.txt
DEBUG: 未匹配频道: [CGTN新闻] 来自 ChinaTV.txt
DEBUG: 未匹配频道: [中国教育台1] 来自 ChinaTV.txt
DEBUG: 未匹配频道: [中国教育台4] 来自 ChinaTV.txt
DEBUG: 未匹配频道: [北京纪实] 来自 ChinaTV.txt
DEBUG: 未匹配频道: [宁夏卫视] 来自 ChinaTV.txt
DEBUG: 未匹配频道: [厦门卫视] 来自 ChinaTV.txt
DEBUG: 未匹配频道: [新疆卫视] 来自 ChinaTV.txt
DEBUG: 未匹配频道: [西藏卫视] 来自 ChinaTV.txt
DEBUG: 未匹配频道: [内蒙古卫视] 来自 ChinaTV.txt
DEBUG: 未匹配频道: [甘肃卫视] 来自 ChinaTV.txt
DEBUG: 未匹配频道: [哈哈炫动] 来自 ChinaTV.txt
DEBUG: 未匹配频道: [金鹰卡通] 来自 ChinaTV.txt
DEBUG: 未匹配频道: [卡酷少儿] 来自 ChinaTV.txt
DEBUG: 未匹配频道: [优漫卡通] 来自 ChinaTV.txt
DEBUG: 未匹配频道: [嘉佳卡通] 来自 ChinaTV.txt
DEBUG: 未匹配频道: [金鹰纪实] 来自 ChinaTV.txt
DEBUG: 未匹配频道: [宁夏卫视] 来自 ChinaTV.txt
DEBUG: 未匹配频道: [厦门卫视] 来自 ChinaTV.txt
DEBUG: 未匹配频道: [山西卫视] 来自 ChinaTV.txt
DEBUG: 未匹配频道: [内蒙古卫视] 来自 ChinaTV.txt
DEBUG: 未匹配频道: [冬奥纪实] 来自 ChinaTV.txt
DEBUG: 未匹配频道: [山东教育卫视] 来自 ChinaTV.txt
DEBUG: 未匹配频道: [上海纪实人文] 来自 ChinaTV.txt
DEBUG: 未匹配频道: [CHC家庭影院] 来自 ChinaTV.txt
DEBUG: 未匹配频道: [CHC动作电影] 来自 ChinaTV.txt
DEBUG: 未匹配频道: [广西影视] 来自 ChinaTV.txt
DEBUG: 未匹配频道: [甘肃卫视] 来自 ChinaTV.txt
DEBUG: 未匹配频道: [金鹰卡通] 来自 ChinaTV.txt
DEBUG: 未匹配频道: [CHC家庭影院] 来自 ChinaTV.txt
DEBUG: 未匹配频道: [CHC动作电影] 来自 ChinaTV.txt
DEBUG: 未匹配频道: [山西卫视] 来自 ChinaTV.txt
DEBUG: 未匹配频道: [新疆卫视] 来自 ChinaTV.txt
DEBUG: 未匹配频道: [宁夏卫视] 来自 ChinaTV.txt
DEBUG: 未匹配频道: [兵团卫视] 来自 ChinaTV.txt
DEBUG: 未匹配频道: [嘉佳卡通] 来自 ChinaTV.txt
DEBUG: 未匹配频道: [卡酷少儿] 来自 ChinaTV.txt
DEBUG: 未匹配频道: [优漫卡通] 来自 ChinaTV.txt
DEBUG: 未匹配频道: [广东少儿] 来自 ChinaTV.txt
DEBUG: 未匹配频道: [新动漫] 来自 ChinaTV.txt
DEBUG: 未匹配频道: [广西影视] 来自 ChinaTV.txt
DEBUG: 未匹配频道: [甘肃卫视] 来自 ChinaTV.txt
DEBUG: 未匹配频道: [金鹰卡通] 来自 ChinaTV.txt
DEBUG: 未匹配频道: [山西卫视] 来自 ChinaTV.txt
DEBUG: 未匹配频道: [新疆卫视] 来自 ChinaTV.txt
DEBUG: 未匹配频道: [宁夏卫视] 来自 ChinaTV.txt
DEBUG: 未匹配频道: [兵团卫视] 来自 ChinaTV.txt
DEBUG: 未匹配频道: [嘉佳卡通] 来自 ChinaTV.txt
DEBUG: 未匹配频道: [卡酷少儿] 来自 ChinaTV.txt
DEBUG: 未匹配频道: [优漫卡通] 来自 ChinaTV.txt
DEBUG: 未匹配频道: [广东少儿] 来自 ChinaTV.txt
DEBUG: 未匹配频道: [新动漫] 来自 ChinaTV.txt
DEBUG: 未匹配频道: [梧州教育生活] 来自 ChinaTV.txt
DEBUG: 未匹配频道: [梧州新闻综合] 来自 ChinaTV.txt
DEBUG: 未匹配频道: [江苏卫视4K] 来自 ChinaTV.txt
DEBUG: 未匹配频道: [免費訂閲] 来自 Gather.m3u
DEBUG: 未匹配频道: [免費訂閲] 来自 Gather.m3u
DEBUG: 未匹配频道: [免費訂閲] 来自 Gather.m3u
DEBUG: 未匹配频道: [免費訂閲] 来自 Gather.m3u
DEBUG: 未匹配频道: [免费订阅] 来自 Gather.m3u
DEBUG: 未匹配频道: [HBO HD] 来自 Gather.m3u
DEBUG: 未匹配频道: [緯來體育台] 来自 Gather.m3u
DEBUG: 未匹配频道: [CGTN] 来自 Gather.m3u
DEBUG: 未匹配频道: [CGTN外语纪录] 来自 Gather.m3u
DEBUG: 未匹配频道: [CGTN Русский「回看」] 来自 Gather.m3u
DEBUG: 未匹配频道: [CGTN法语] 来自 Gather.m3u
DEBUG: 未匹配频道: [CGTN西班牙语] 来自 Gather.m3u
DEBUG: 未匹配频道: [CGTN阿拉伯语] 来自 Gather.m3u
DEBUG: 未匹配频道: [鳳凰衛視中文台] 来自 Gather.m3u
DEBUG: 未匹配频道: [鳳凰衛視資訊台] 来自 Gather.m3u
DEBUG: 未匹配频道: [鳳凰衛視香港台] 来自 Gather.m3u
DEBUG: 未匹配频道: [商業電台 雷霆881] 来自 Gather.m3u
DEBUG: 未匹配频道: [商業電台 叱咤903] 来自 Gather.m3u
DEBUG: 未匹配频道: [Now新聞台] 来自 Gather.m3u
DEBUG: 未匹配频道: [Now財經台] 来自 Gather.m3u
DEBUG: 未匹配频道: [HOY 國際財經台] 来自 Gather.m3u
DEBUG: 未匹配频道: [HOY TV] 来自 Gather.m3u
DEBUG: 未匹配频道: [HOY 資訊台] 来自 Gather.m3u
DEBUG: 未匹配频道: [HOY生活台] 来自 Gather.m3u
DEBUG: 未匹配频道: [HOY劇集台] 来自 Gather.m3u
DEBUG: 未匹配频道: [HOY怪談台] 来自 Gather.m3u
DEBUG: 未匹配频道: [HOY體育台] 来自 Gather.m3u
DEBUG: 未匹配频道: [RTHK34] 来自 Gather.m3u
DEBUG: 未匹配频道: [RTHK35] 来自 Gather.m3u
DEBUG: 未匹配频道: [澳門衛星] 来自 Gather.m3u
DEBUG: 未匹配频道: [澳門葡萄牙] 来自 Gather.m3u
DEBUG: 未匹配频道: [澳視澳門] 来自 Gather.m3u
DEBUG: 未匹配频道: [澳門資訊] 来自 Gather.m3u
DEBUG: 未匹配频道: [澳門體育] 来自 Gather.m3u
DEBUG: 未匹配频道: [澳門綜藝] 来自 Gather.m3u
DEBUG: 未匹配频道: [博斯無限二台] 来自 Gather.m3u
DEBUG: 未匹配频道: [緯來日本「Relay」] 来自 Gather.m3u
DEBUG: 未匹配频道: [緯來體育台] 来自 Gather.m3u
DEBUG: 未匹配频道: [緯來綜合台] 来自 Gather.m3u
DEBUG: 未匹配频道: [緯來戲劇台] 来自 Gather.m3u
DEBUG: 未匹配频道: [緯來育樂台] 来自 Gather.m3u
DEBUG: 未匹配频道: [年代新聞台] 来自 Gather.m3u
DEBUG: 未匹配频道: [東森新聞台] 来自 Gather.m3u
DEBUG: 未匹配频道: [東森財經新聞台] 来自 Gather.m3u
DEBUG: 未匹配频道: [東森綜合台] 来自 Gather.m3u
DEBUG: 未匹配频道: [東森戲劇台] 来自 Gather.m3u
DEBUG: 未匹配频道: [東森幼幼台] 来自 Gather.m3u
DEBUG: 未匹配频道: [KLT-靖天國際台] 来自 Gather.m3u
DEBUG: 未匹配频道: [Nice TV靖天歡樂台] 来自 Gather.m3u
DEBUG: 未匹配频道: [靖天育樂台] 来自 Gather.m3u
DEBUG: 未匹配频道: [靖天資訊台] 来自 Gather.m3u
DEBUG: 未匹配频道: [靖天卡通台] 来自 Gather.m3u
DEBUG: 未匹配频道: [靖洋卡通台Nice Bingo] 来自 Gather.m3u
DEBUG: 未匹配频道: [靖洋戲劇台] 来自 Gather.m3u
DEBUG: 未匹配频道: [龍華卡通台] 来自 Gather.m3u
DEBUG: 未匹配频道: [公視戲劇] 来自 Gather.m3u
DEBUG: 未匹配频道: [台灣戲劇台] 来自 Gather.m3u
DEBUG: 未匹配频道: [寰宇新聞台灣台] 来自 Gather.m3u
DEBUG: 未匹配频道: [寰宇財經台] 来自 Gather.m3u
DEBUG: 未匹配频道: [華視] 来自 Gather.m3u
DEBUG: 未匹配频道: [華視新聞] 来自 Gather.m3u
DEBUG: 未匹配频道: [民視台灣台] 来自 Gather.m3u
DEBUG: 未匹配频道: [民視影劇台] 来自 Gather.m3u
DEBUG: 未匹配频道: [民視旅遊台] 来自 Gather.m3u
DEBUG: 未匹配频道: [民視第一台] 来自 Gather.m3u
DEBUG: 未匹配频道: [民視綜藝台] 来自 Gather.m3u
DEBUG: 未匹配频道: [三立新聞iNEWS] 来自 Gather.m3u
DEBUG: 未匹配频道: [LS Time電影台] 来自 Gather.m3u
DEBUG: 未匹配频道: [MTV] 来自 Gather.m3u
DEBUG: 未匹配频道: [愛爾達娛樂台] 来自 Gather.m3u
DEBUG: 未匹配频道: [愛爾達生活旅遊台] 来自 Gather.m3u
DEBUG: 未匹配频道: [鏡電視新聞台] 来自 Gather.m3u
DEBUG: 未匹配频道: [倪珍播新聞] 来自 Gather.m3u
DEBUG: 未匹配频道: [半島國際新聞台] 来自 Gather.m3u
DEBUG: 未匹配频道: [DW德國之聲] 来自 Gather.m3u
DEBUG: 未匹配频道: [FRANCE24 英文台] 来自 Gather.m3u
DEBUG: 未匹配频道: [NHK WORLD-JAPAN] 来自 Gather.m3u
DEBUG: 未匹配频道: [CNBC Asia 財經台] 来自 Gather.m3u
DEBUG: 未匹配频道: [SBN全球財經台] 来自 Gather.m3u
DEBUG: 未匹配频道: [Bloomberg TV] 来自 Gather.m3u
DEBUG: 未匹配频道: [DayStar] 来自 Gather.m3u
DEBUG: 未匹配频道: [智林體育台] 来自 Gather.m3u
DEBUG: 未匹配频道: [FashionTV 時尚頻道] 来自 Gather.m3u
DEBUG: 未匹配频道: [第1商業] 来自 Gather.m3u
DEBUG: 未匹配频道: [My Cinema Europe HD 我的歐洲電影] 来自 Gather.m3u
DEBUG: 未匹配频道: [影迷數位電影台] 来自 Gather.m3u
DEBUG: 未匹配频道: [影迷數位紀實台] 来自 Gather.m3u
DEBUG: 未匹配频道: [經典電影台] 来自 Gather.m3u
DEBUG: 未匹配频道: [視納華仁紀實頻道] 来自 Gather.m3u
DEBUG: 未匹配频道: [CI 罪案偵查頻道] 来自 Gather.m3u
DEBUG: 未匹配频道: [History 歷史頻道] 来自 Gather.m3u
DEBUG: 未匹配频道: [MagellanTV頻道 (麥哲倫頻道)] 来自 Gather.m3u
DEBUG: 未匹配频道: [ROCK Xstream搖滾極限頻道] 来自 Gather.m3u
DEBUG: 未匹配频道: [ARIRANG阿里郎頻道] 来自 Gather.m3u
DEBUG: 未匹配频道: [韓國娛樂台 KMTV] 来自 Gather.m3u
DEBUG: 未匹配频道: [Lifetime 娛樂頻道] 来自 Gather.m3u
DEBUG: 未匹配频道: [fun探索娛樂台] 来自 Gather.m3u
DEBUG: 未匹配频道: [HITS頻道] 来自 Gather.m3u
DEBUG: 未匹配频道: [豬哥亮歌廳秀] 来自 Gather.m3u
DEBUG: 未匹配频道: [采昌影劇台] 来自 Gather.m3u
DEBUG: 未匹配频道: [CLASSICA 古典樂] 来自 Gather.m3u
DEBUG: 未匹配频道: [Mezzo Live HD] 来自 Gather.m3u
DEBUG: 未匹配频道: [TRACE Urban] 来自 Gather.m3u
DEBUG: 未匹配频道: [TRACE Sport Stars] 来自 Gather.m3u
DEBUG: 未匹配频道: [GINX Esports TV] 来自 Gather.m3u
DEBUG: 未匹配频道: [DreamWorks 夢工廠動畫] 来自 Gather.m3u
DEBUG: 未匹配频道: [精選動漫台] 来自 Gather.m3u
DEBUG: 未匹配频道: [經典卡通台] 来自 Gather.m3u
DEBUG: 未匹配频道: [MOMO親子台] 来自 Gather.m3u
DEBUG: 未匹配频道: [Nick Jr. 兒童頻道] 来自 Gather.m3u
DEBUG: 未匹配频道: [Pet Club TV] 来自 Gather.m3u
DEBUG: 未匹配频道: [LiveABC互動英語頻道] 来自 Gather.m3u
DEBUG: 未匹配频道: [ELTV英語學習台] 来自 Gather.m3u
DEBUG: 未匹配频道: [Smart知識台] 来自 Gather.m3u
DEBUG: 未匹配频道: [達文西頻道] 来自 Gather.m3u
DEBUG: 未匹配频道: [滾動力rollor] 来自 Gather.m3u
DEBUG: 未匹配频道: [LUXE TV Channel] 来自 Gather.m3u
DEBUG: 未匹配频道: [TV5MONDE STYLE HD 生活時尚] 来自 Gather.m3u
DEBUG: 未匹配频道: [幸福空間居家台] 来自 Gather.m3u
DEBUG: 未匹配频道: [車迷TV] 来自 Gather.m3u
DEBUG: 未匹配频道: [金光布袋戲] 来自 Gather.m3u
DEBUG: 未匹配频道: [原住民族電視台] 来自 Gather.m3u
DEBUG: 未匹配频道: [客家電視台] 来自 Gather.m3u
DEBUG: 未匹配频道: [人間衛視] 来自 Gather.m3u
DEBUG: 未匹配频道: [大愛電視] 来自 Gather.m3u
DEBUG: 未匹配频道: [大愛二台] 来自 Gather.m3u
DEBUG: 未匹配频道: [好消息] 来自 Gather.m3u
DEBUG: 未匹配频道: [好消息2台] 来自 Gather.m3u
DEBUG: 未匹配频道: [國會頻道1] 来自 Gather.m3u
DEBUG: 未匹配频道: [國會頻道2] 来自 Gather.m3u
DEBUG: 未匹配频道: [東森購物一台] 来自 Gather.m3u
DEBUG: 未匹配频道: [東森購物二台] 来自 Gather.m3u
DEBUG: 未匹配频道: [東森購物三台] 来自 Gather.m3u
DEBUG: 未匹配频道: [東森購物四台] 来自 Gather.m3u
DEBUG: 未匹配频道: [新唐人亞太台] 来自 Gather.m3u
DEBUG: 未匹配频道: [Eurosport 1] 来自 Gather.m3u
DEBUG: 未匹配频道: [Eurosport 2] 来自 Gather.m3u
DEBUG: 未匹配频道: [TNT Sports 1 HD] 来自 Gather.m3u
DEBUG: 未匹配频道: [TNT Sports 2 HD] 来自 Gather.m3u
DEBUG: 未匹配频道: [TNT Sports 3 HD] 来自 Gather.m3u
DEBUG: 未匹配频道: [TNT Sports 4 HD] 来自 Gather.m3u
DEBUG: 未匹配频道: [beIN Sports HD] 来自 Gather.m3u
DEBUG: 未匹配频道: [beIN Sports 2 HD] 来自 Gather.m3u
DEBUG: 未匹配频道: [beIN Sports 4] 来自 Gather.m3u
DEBUG: 未匹配频道: [beIN Sports 5] 来自 Gather.m3u
DEBUG: 未匹配频道: [Hub Premier 1] 来自 Gather.m3u
DEBUG: 未匹配频道: [Hub Premier 2 (HD)] 来自 Gather.m3u
DEBUG: 未匹配频道: [Hub Premier 3] 来自 Gather.m3u
DEBUG: 未匹配频道: [Hub Premier 4] 来自 Gather.m3u
DEBUG: 未匹配频道: [Hub Premier 5] 来自 Gather.m3u
DEBUG: 未匹配频道: [Hub Premier 6] 来自 Gather.m3u
DEBUG: 未匹配频道: [Hub Premier 7] 来自 Gather.m3u
DEBUG: 未匹配频道: [Hub Premier 8] 来自 Gather.m3u
DEBUG: 未匹配频道: [Hub Sports 1 HD] 来自 Gather.m3u
DEBUG: 未匹配频道: [Hub Sports 2 HD] 来自 Gather.m3u
DEBUG: 未匹配频道: [Hub Sports 3 HD] 来自 Gather.m3u
DEBUG: 未匹配频道: [Hub Sports 4 HD] 来自 Gather.m3u
DEBUG: 未匹配频道: [Hub Sports 5 HD] 来自 Gather.m3u
DEBUG: 未匹配频道: [Hub Sports 6] 来自 Gather.m3u
DEBUG: 未匹配频道: [Hub Sports 7] 来自 Gather.m3u
DEBUG: 未匹配频道: [Hub Sports 8] 来自 Gather.m3u
DEBUG: 未匹配频道: [SPOTV] 来自 Gather.m3u
DEBUG: 未匹配频道: [SPOTV2] 来自 Gather.m3u
DEBUG: 未匹配频道: [FIGHT SPORTS HD] 来自 Gather.m3u
DEBUG: 未匹配频道: [SkySp Cricket] 来自 Gather.m3u
DEBUG: 未匹配频道: [SkySp PL HD] 来自 Gather.m3u
DEBUG: 未匹配频道: [SkySp F1] 来自 Gather.m3u
DEBUG: 未匹配频道: [SkySp Mix HD] 来自 Gather.m3u
DEBUG: 未匹配频道: [Red Bull TV] 来自 Gather.m3u
DEBUG: 未匹配频道: [Discovery HD] 来自 Gather.m3u
DEBUG: 未匹配频道: [HBO HD] 来自 Gather.m3u
DEBUG: 未匹配频道: [HBO Hits HD] 来自 Gather.m3u
DEBUG: 未匹配频道: [HBO Family HD] 来自 Gather.m3u
DEBUG: 未匹配频道: [HBO Signature HD] 来自 Gather.m3u
DEBUG: 未匹配频道: [鳳凰衛視中文台] 来自 Gather.m3u
DEBUG: 未匹配频道: [鳳凰衛視資訊台] 来自 Gather.m3u
DEBUG: 未匹配频道: [鳳凰衛視香港台] 来自 Gather.m3u
DEBUG: 未匹配频道: [無綫新聞台] 来自 Gather.m3u
DEBUG: 未匹配频道: [Now新聞台] 来自 Gather.m3u
DEBUG: 未匹配频道: [千禧經典台] 来自 Gather.m3u
DEBUG: 未匹配频道: [天映马来西亚] 来自 Gather.m3u
DEBUG: 未匹配频道: [TVB XING HE] 来自 Gather.m3u
DEBUG: 未匹配频道: [HUA HEE DAI] 来自 Gather.m3u
DEBUG: 未匹配频道: [iQIYI] 来自 Gather.m3u
DEBUG: 未匹配频道: [8TV] 来自 Gather.m3u
DEBUG: 未匹配频道: [广东体育] 来自 Gather.m3u
DEBUG: 未匹配频道: [广东珠江] 来自 Gather.m3u
DEBUG: 未匹配频道: [五星体育] 来自 Gather.m3u
DEBUG: 未匹配频道: [上海第一财经] 来自 Gather.m3u
DEBUG: 未匹配频道: [上海新闻综合] 来自 Gather.m3u
DEBUG: 未匹配频道: [上海都市] 来自 Gather.m3u
DEBUG: 未匹配频道: [魔都眼] 来自 Gather.m3u
DEBUG: 未匹配频道: [新纪实] 来自 Gather.m3u
DEBUG: 未匹配频道: [爱上海] 来自 Gather.m3u
DEBUG: 未匹配频道: [「B站」热门赛事] 来自 Gather.m3u
DEBUG: 未匹配频道: [「B站」CS 2] 来自 Gather.m3u
DEBUG: 未匹配频道: [「虎牙」CS 2] 来自 Gather.m3u
DEBUG: 未匹配频道: [「B站」英雄联盟] 来自 Gather.m3u
DEBUG: 未匹配频道: [「虎牙」英雄联盟 𝟙] 来自 Gather.m3u
DEBUG: 未匹配频道: [「虎牙」英雄联盟 𝟚] 来自 Gather.m3u
DEBUG: 未匹配频道: [「斗鱼」英雄联盟 𝟙] 来自 Gather.m3u
DEBUG: 未匹配频道: [「斗鱼」英雄联盟 𝟚] 来自 Gather.m3u
DEBUG: 未匹配频道: [「B站」英雄联盟•手游] 来自 Gather.m3u
DEBUG: 未匹配频道: [「B站」王者荣耀 𝟙] 来自 Gather.m3u
DEBUG: 未匹配频道: [「B站」王者荣耀 𝟚] 来自 Gather.m3u
DEBUG: 未匹配频道: [「虎牙」王者荣耀 𝟙] 来自 Gather.m3u
DEBUG: 未匹配频道: [「虎牙」王者荣耀 𝟚] 来自 Gather.m3u
DEBUG: 未匹配频道: [「斗鱼」王者荣耀 𝟙] 来自 Gather.m3u
DEBUG: 未匹配频道: [「斗鱼」王者荣耀 𝟚] 来自 Gather.m3u
DEBUG: 未匹配频道: [「B站」绝地求生] 来自 Gather.m3u
DEBUG: 未匹配频道: [「虎牙」绝地求生 𝟙] 来自 Gather.m3u
DEBUG: 未匹配频道: [「虎牙」绝地求生 𝟚] 来自 Gather.m3u
DEBUG: 未匹配频道: [「斗鱼」绝地求生] 来自 Gather.m3u
DEBUG: 未匹配频道: [「斗鱼」绝地地图] 来自 Gather.m3u
DEBUG: 未匹配频道: [「虎牙」和平精英] 来自 Gather.m3u
DEBUG: 未匹配频道: [「斗鱼」和平精英] 来自 Gather.m3u
DEBUG: 未匹配频道: [「虎牙」金铲铲之战] 来自 Gather.m3u
DEBUG: 未匹配频道: [「斗鱼」金铲铲之战] 来自 Gather.m3u
DEBUG: 未匹配频道: [「虎牙」DOTA2] 来自 Gather.m3u
DEBUG: 未匹配频道: [「斗鱼」DOTA2] 来自 Gather.m3u
DEBUG: 未匹配频道: [「斗鱼」云顶之弈] 来自 Gather.m3u
DEBUG: 未匹配频道: [「虎牙」永劫无间] 来自 Gather.m3u
DEBUG: 未匹配频道: [「斗鱼」永劫无间] 来自 Gather.m3u
DEBUG: 未匹配频道: [「B站」使命召唤•手游] 来自 Gather.m3u
DEBUG: 未匹配频道: [「虎牙」使命召唤•手游] 来自 Gather.m3u
DEBUG: 未匹配频道: [「斗鱼」使命召唤•手游] 来自 Gather.m3u
DEBUG: 未匹配频道: [「虎牙」穿越火线] 来自 Gather.m3u
DEBUG: 未匹配频道: [「斗鱼」穿越火线 𝟙] 来自 Gather.m3u
DEBUG: 未匹配频道: [「斗鱼」穿越火线 𝟚] 来自 Gather.m3u
DEBUG: 未匹配频道: [「虎牙」穿越火线•手游] 来自 Gather.m3u
DEBUG: 未匹配频道: [「B站」第五人格] 来自 Gather.m3u
DEBUG: 未匹配频道: [「虎牙」第五人格] 来自 Gather.m3u
DEBUG: 未匹配频道: [「斗鱼」第五人格] 来自 Gather.m3u
DEBUG: 未匹配频道: [「虎牙」逆战] 来自 Gather.m3u
DEBUG: 未匹配频道: [「B站」无畏契约] 来自 Gather.m3u
DEBUG: 未匹配频道: [「虎牙」无畏契约] 来自 Gather.m3u
DEBUG: 未匹配频道: [「斗鱼」无畏契约] 来自 Gather.m3u
DEBUG: 未匹配频道: [「斗鱼」原神] 来自 Gather.m3u
DEBUG: 未匹配频道: [「B站」QQ飞车•手游] 来自 Gather.m3u
DEBUG: 未匹配频道: [「斗鱼」QQ飞车•手游] 来自 Gather.m3u
DEBUG: 未匹配频道: [「斗鱼」梦幻西游·手游] 来自 Gather.m3u
DEBUG: 未匹配频道: [「斗鱼」街霸] 来自 Gather.m3u
DEBUG: 未匹配频道: [「B站」JJ斗地主] 来自 Gather.m3u
DEBUG: 未匹配频道: [「斗鱼」JJ斗地主] 来自 Gather.m3u
DEBUG: 未匹配频道: [「斗鱼」我的世界] 来自 Gather.m3u
DEBUG: 未匹配频道: [「斗鱼」FIFA] 来自 Gather.m3u
DEBUG: 未匹配频道: [「斗鱼」火影忍者] 来自 Gather.m3u
DEBUG: 未匹配频道: [「斗鱼」跑跑卡丁车] 来自 Gather.m3u
DEBUG: 未匹配频道: [「斗鱼」跑跑卡丁车•手游] 来自 Gather.m3u
DEBUG: 未匹配频道: [Big Radio] 来自 Gather.m3u
DEBUG: 未匹配频道: [CAPITAL 958] 来自 Gather.m3u
DEBUG: 未匹配频道: [CityFM|城市广播] 来自 Gather.m3u
DEBUG: 未匹配频道: [CityFM|大苗栗广播] 来自 Gather.m3u
DEBUG: 未匹配频道: [CityFM|台北健康] 来自 Gather.m3u
DEBUG: 未匹配频道: [CityFM|台南之音] 来自 Gather.m3u
DEBUG: 未匹配频道: [CNA 938] 来自 Gather.m3u
DEBUG: 未匹配频道: [CNR 经济之声] 来自 Gather.m3u
DEBUG: 未匹配频道: [CNR 中国之声] 来自 Gather.m3u
DEBUG: 未匹配频道: [CRI HIT FM (北京)] 来自 Gather.m3u
DEBUG: 未匹配频道: [CRI Hit FM FM88.7] 来自 Gather.m3u
DEBUG: 未匹配频道: [CRI 环球信息广播 FM90.5] 来自 Gather.m3u
DEBUG: 未匹配频道: [CRI 华语环球广播] 来自 Gather.m3u
DEBUG: 未匹配频道: [CRI 环球资讯广播] 来自 Gather.m3u
DEBUG: 未匹配频道: [CRI 南海之声] 来自 Gather.m3u
DEBUG: 未匹配频道: [CRI 轻松调频] 来自 Gather.m3u
DEBUG: 未匹配频道: [CRI 外语教学广播 China Plus Radio] 来自 Gather.m3u
DEBUG: 未匹配频道: [CRI 英语环球广播 China Plus Radio] 来自 Gather.m3u
DEBUG: 未匹配频道: [CRI 粤语国际] 来自 Gather.m3u
DEBUG: 未匹配频道: [Kiss Radio] 来自 Gather.m3u
DEBUG: 未匹配频道: [LOVE 972] 来自 Gather.m3u
DEBUG: 未匹配频道: [M-Radio全国广播] 来自 Gather.m3u
DEBUG: 未匹配频道: [News98 新闻台] 来自 Gather.m3u
DEBUG: 未匹配频道: [VOCALO] 来自 Gather.m3u
DEBUG: 未匹配频道: [YES 933] 来自 Gather.m3u
DEBUG: 未匹配频道: [阿拉善汉语广播] 来自 Gather.m3u
DEBUG: 未匹配频道: [阿里郎电台(视频)] 来自 Gather.m3u
DEBUG: 未匹配频道: [安徽故事广播] 来自 Gather.m3u
DEBUG: 未匹配频道: [安徽广播] 来自 Gather.m3u
DEBUG: 未匹配频道: [安徽交通广播] 来自 Gather.m3u
DEBUG: 未匹配频道: [安徽经济广播] 来自 Gather.m3u
DEBUG: 未匹配频道: [安徽旅游广播•高速之声] 来自 Gather.m3u
DEBUG: 未匹配频道: [安徽生活广播•城市之声] 来自 Gather.m3u
DEBUG: 未匹配频道: [安徽戏曲广播•动听995] 来自 Gather.m3u
DEBUG: 未匹配频道: [安徽之声] 来自 Gather.m3u
DEBUG: 未匹配频道: [北京广播] 来自 Gather.m3u
DEBUG: 未匹配频道: [北京经典969] 来自 Gather.m3u
DEBUG: 未匹配频道: [潮流音乐台] 来自 Gather.m3u
DEBUG: 未匹配频道: [楚天广播] 来自 Gather.m3u
DEBUG: 未匹配频道: [楚天交通广播] 来自 Gather.m3u
DEBUG: 未匹配频道: [动感音乐台] 来自 Gather.m3u
DEBUG: 未匹配频道: [法国国际广播电台] 来自 Gather.m3u
DEBUG: 未匹配频道: [房山电台] 来自 Gather.m3u
DEBUG: 未匹配频道: [飞碟电台] 来自 Gather.m3u
DEBUG: 未匹配频道: [福建东南广播] 来自 Gather.m3u
DEBUG: 未匹配频道: [福建都市广播•私家车987] 来自 Gather.m3u
DEBUG: 未匹配频道: [福建汽车广播] 来自 Gather.m3u
DEBUG: 未匹配频道: [福州广播] 来自 Gather.m3u
DEBUG: 未匹配频道: [福州交通之声] 来自 Gather.m3u
DEBUG: 未匹配频道: [福州新闻广播] 来自 Gather.m3u
DEBUG: 未匹配频道: [福州左海之声] 来自 Gather.m3u
DEBUG: 未匹配频道: [甘肃都市调频] 来自 Gather.m3u
DEBUG: 未匹配频道: [甘肃经济广播] 来自 Gather.m3u
DEBUG: 未匹配频道: [格莱美音乐台] 来自 Gather.m3u
DEBUG: 未匹配频道: [广东广播] 来自 Gather.m3u
DEBUG: 未匹配频道: [广西北部湾之声] 来自 Gather.m3u
DEBUG: 未匹配频道: [广西广播] 来自 Gather.m3u
DEBUG: 未匹配频道: [广西广播] 来自 Gather.m3u
DEBUG: 未匹配频道: [广西交通广播] 来自 Gather.m3u
DEBUG: 未匹配频道: [广西教育广播] 来自 Gather.m3u
DEBUG: 未匹配频道: [广西经济广播•女主播电台] 来自 Gather.m3u
DEBUG: 未匹配频道: [贵州都市广播] 来自 Gather.m3u
DEBUG: 未匹配频道: [贵州故事广播] 来自 Gather.m3u
DEBUG: 未匹配频道: [贵州广播] 来自 Gather.m3u
DEBUG: 未匹配频道: [贵州广播] 来自 Gather.m3u
DEBUG: 未匹配频道: [贵州经济广播] 来自 Gather.m3u
DEBUG: 未匹配频道: [贵州旅游广播] 来自 Gather.m3u
DEBUG: 未匹配频道: [国立教育电台] 来自 Gather.m3u
DEBUG: 未匹配频道: [海南广播] 来自 Gather.m3u
DEBUG: 未匹配频道: [河北广播] 来自 Gather.m3u
DEBUG: 未匹配频道: [河北广播] 来自 Gather.m3u
DEBUG: 未匹配频道: [河北交通广播] 来自 Gather.m3u
DEBUG: 未匹配频道: [河北经济广播] 来自 Gather.m3u
DEBUG: 未匹配频道: [河北生活广播] 来自 Gather.m3u
DEBUG: 未匹配频道: [河北文艺广播] 来自 Gather.m3u
DEBUG: 未匹配频道: [河南交通广播] 来自 Gather.m3u
DEBUG: 未匹配频道: [河南教育广播] 来自 Gather.m3u
DEBUG: 未匹配频道: [河南经济广播] 来自 Gather.m3u
DEBUG: 未匹配频道: [河南戏曲广播] 来自 Gather.m3u
DEBUG: 未匹配频道: [河南新闻广播] 来自 Gather.m3u
DEBUG: 未匹配频道: [河南信息广播] 来自 Gather.m3u
DEBUG: 未匹配频道: [黑龙江朝鲜语广播] 来自 Gather.m3u
DEBUG: 未匹配频道: [黑龙江都市女性广播] 来自 Gather.m3u
DEBUG: 未匹配频道: [黑龙江高校广播] 来自 Gather.m3u
DEBUG: 未匹配频道: [黑龙江广播] 来自 Gather.m3u
DEBUG: 未匹配频道: [黑龙江老年少儿广播•爱家调频] 来自 Gather.m3u
DEBUG: 未匹配频道: [呼伦贝尔汉语广播] 来自 Gather.m3u
DEBUG: 未匹配频道: [呼伦贝尔蒙语广播] 来自 Gather.m3u
DEBUG: 未匹配频道: [湖北城市之声] 来自 Gather.m3u
DEBUG: 未匹配频道: [湖北经典广播] 来自 Gather.m3u
DEBUG: 未匹配频道: [湖北亲子广播] 来自 Gather.m3u
DEBUG: 未匹配频道: [湖北生活广播] 来自 Gather.m3u
DEBUG: 未匹配频道: [湖北之声] 来自 Gather.m3u
DEBUG: 未匹配频道: [湖北资讯广播] 来自 Gather.m3u
DEBUG: 未匹配频道: [湖南文艺广播•摩登音乐台] 来自 Gather.m3u
DEBUG: 未匹配频道: [湖南音乐之声•芒果音乐台] 来自 Gather.m3u
DEBUG: 未匹配频道: [华语金曲500首] 来自 Gather.m3u
DEBUG: 未匹配频道: [怀集音乐台] 来自 Gather.m3u
DEBUG: 未匹配频道: [江苏广播] 来自 Gather.m3u
DEBUG: 未匹配频道: [江苏文艺广播] 来自 Gather.m3u
DEBUG: 未匹配频道: [江西都市广播] 来自 Gather.m3u
DEBUG: 未匹配频道: [老歌音乐台] 来自 Gather.m3u
DEBUG: 未匹配频道: [辽宁交通广播] 来自 Gather.m3u
DEBUG: 未匹配频道: [辽宁经典广播] 来自 Gather.m3u
DEBUG: 未匹配频道: [辽宁经济广播] 来自 Gather.m3u
DEBUG: 未匹配频道: [辽宁乡村广播] 来自 Gather.m3u
DEBUG: 未匹配频道: [辽宁之声] 来自 Gather.m3u
DEBUG: 未匹配频道: [民谣 蓝调] 来自 Gather.m3u
DEBUG: 未匹配频道: [民谣音乐台] 来自 Gather.m3u
DEBUG: 未匹配频道: [内蒙古经济生活广播] 来自 Gather.m3u
DEBUG: 未匹配频道: [内蒙古蒙语对外广播草原之声] 来自 Gather.m3u
DEBUG: 未匹配频道: [内蒙古蒙语新闻广播] 来自 Gather.m3u
DEBUG: 未匹配频道: [内蒙古评书曲艺广播] 来自 Gather.m3u
DEBUG: 未匹配频道: [内蒙古新闻广播] 来自 Gather.m3u
DEBUG: 未匹配频道: [宁波广播] 来自 Gather.m3u
DEBUG: 未匹配频道: [宁波交通广播] 来自 Gather.m3u
DEBUG: 未匹配频道: [宁波经济广播] 来自 Gather.m3u
DEBUG: 未匹配频道: [宁波新闻广播] 来自 Gather.m3u
DEBUG: 未匹配频道: [宁夏广播] 来自 Gather.m3u
DEBUG: 未匹配频道: [宁夏经济广播] 来自 Gather.m3u
DEBUG: 未匹配频道: [宁夏旅游广播] 来自 Gather.m3u
DEBUG: 未匹配频道: [宁夏新闻广播] 来自 Gather.m3u
DEBUG: 未匹配频道: [青岛摩登音乐调频] 来自 Gather.m3u
DEBUG: 未匹配频道: [青岛音体广播] 来自 Gather.m3u
DEBUG: 未匹配频道: [青海交通广播] 来自 Gather.m3u
DEBUG: 未匹配频道: [青海经济广播] 来自 Gather.m3u
DEBUG: 未匹配频道: [青海新闻广播] 来自 Gather.m3u
DEBUG: 未匹配频道: [清晨音乐台] 来自 Gather.m3u
DEBUG: 未匹配频道: [山东交通广播] 来自 Gather.m3u
DEBUG: 未匹配频道: [山东经典广播] 来自 Gather.m3u
DEBUG: 未匹配频道: [山东经济广播] 来自 Gather.m3u
DEBUG: 未匹配频道: [山东体育休闲广播] 来自 Gather.m3u
DEBUG: 未匹配频道: [陕西都市广播•陕广新闻] 来自 Gather.m3u
DEBUG: 未匹配频道: [陕西广播] 来自 Gather.m3u
DEBUG: 未匹配频道: [陕西交通广播] 来自 Gather.m3u
DEBUG: 未匹配频道: [陕西经济广播•896汽车调频] 来自 Gather.m3u
DEBUG: 未匹配频道: [陕西农村广播] 来自 Gather.m3u
DEBUG: 未匹配频道: [陕西青少广播•好听1055] 来自 Gather.m3u
DEBUG: 未匹配频道: [陕西戏曲广播] 来自 Gather.m3u
DEBUG: 未匹配频道: [陕西新闻广播] 来自 Gather.m3u
DEBUG: 未匹配频道: [上海第一财经广播] 来自 Gather.m3u
DEBUG: 未匹配频道: [上海动感101] 来自 Gather.m3u
DEBUG: 未匹配频道: [上海长三角之声] 来自 Gather.m3u
DEBUG: 未匹配频道: [绍兴交通广播] 来自 Gather.m3u
DEBUG: 未匹配频道: [绍兴之声] 来自 Gather.m3u
DEBUG: 未匹配频道: [深圳飞扬971] 来自 Gather.m3u
DEBUG: 未匹配频道: [深圳飞扬音乐台] 来自 Gather.m3u
DEBUG: 未匹配频道: [私家车999] 来自 Gather.m3u
DEBUG: 未匹配频道: [四川城市之音] 来自 Gather.m3u
DEBUG: 未匹配频道: [四川广播四川之声] 来自 Gather.m3u
DEBUG: 未匹配频道: [四川交通广播] 来自 Gather.m3u
DEBUG: 未匹配频道: [四川经济广播] 来自 Gather.m3u
DEBUG: 未匹配频道: [四川旅游生活广播] 来自 Gather.m3u
DEBUG: 未匹配频道: [四川岷江广播] 来自 Gather.m3u
DEBUG: 未匹配频道: [四川岷江音乐] 来自 Gather.m3u
DEBUG: 未匹配频道: [四川私家车广播] 来自 Gather.m3u
DEBUG: 未匹配频道: [四川文艺广播] 来自 Gather.m3u
DEBUG: 未匹配频道: [台北广播电台AM1134] 来自 Gather.m3u
DEBUG: 未匹配频道: [台北广播电台FM93.1] 来自 Gather.m3u
DEBUG: 未匹配频道: [台湾Lounge Radio音乐电台] 来自 Gather.m3u
DEBUG: 未匹配频道: [台湾古典音乐台] 来自 Gather.m3u
DEBUG: 未匹配频道: [台中广播电台] 来自 Gather.m3u
DEBUG: 未匹配频道: [太阳电台] 来自 Gather.m3u
DEBUG: 未匹配频道: [天籁古典] 来自 Gather.m3u
DEBUG: 未匹配频道: [天籁之音 Hi-Fi Radio] 来自 Gather.m3u
DEBUG: 未匹配频道: [天籁之音-国风] 来自 Gather.m3u
DEBUG: 未匹配频道: [锡林郭勒汉语广播] 来自 Gather.m3u
DEBUG: 未匹配频道: [心灵音乐馆] 来自 Gather.m3u
DEBUG: 未匹配频道: [新疆私家车广播] 来自 Gather.m3u
DEBUG: 未匹配频道: [亚洲经典音乐台] 来自 Gather.m3u
DEBUG: 未匹配频道: [延边文艺生活广播] 来自 Gather.m3u
DEBUG: 未匹配频道: [云南广播] 来自 Gather.m3u
DEBUG: 未匹配频道: [云南国际广播] 来自 Gather.m3u
DEBUG: 未匹配频道: [云南交通之声] 来自 Gather.m3u
DEBUG: 未匹配频道: [云南教育广播•知道分子频道] 来自 Gather.m3u
DEBUG: 未匹配频道: [云南经济广播•私家车电台] 来自 Gather.m3u
DEBUG: 未匹配频道: [云南旅游广播•香格里拉之声] 来自 Gather.m3u
DEBUG: 未匹配频道: [云南民族广播] 来自 Gather.m3u
DEBUG: 未匹配频道: [云南新闻广播] 来自 Gather.m3u
DEBUG: 未匹配频道: [浙江城市之声] 来自 Gather.m3u
DEBUG: 未匹配频道: [浙江动听] 来自 Gather.m3u
DEBUG: 未匹配频道: [浙江交通之声] 来自 Gather.m3u
DEBUG: 未匹配频道: [浙江经济广播] 来自 Gather.m3u
DEBUG: 未匹配频道: [浙江旅游之声] 来自 Gather.m3u
DEBUG: 未匹配频道: [浙江民生资讯广播] 来自 Gather.m3u
DEBUG: 未匹配频道: [浙江音乐调频•动听968] 来自 Gather.m3u
DEBUG: 未匹配频道: [浙江之声] 来自 Gather.m3u
DEBUG: 未匹配频道: [正义电台] 来自 Gather.m3u
DEBUG: 未匹配频道: [中广流行网] 来自 Gather.m3u
DEBUG: 未匹配频道: [中广新闻网] 来自 Gather.m3u
DEBUG: 未匹配频道: [中广音乐网] 来自 Gather.m3u
DEBUG: 未匹配频道: [重庆广播] 来自 Gather.m3u
DEBUG: 未匹配频道: [中国之声] 来自 Gather.m3u
DEBUG: 未匹配频道: [经济之声] 来自 Gather.m3u
DEBUG: 未匹配频道: [环球资讯广播] 来自 Gather.m3u
DEBUG: 未匹配频道: [音乐之声] 来自 Gather.m3u
DEBUG: 未匹配频道: [中国交通广播] 来自 Gather.m3u
DEBUG: 未匹配频道: [文艺之声] 来自 Gather.m3u
DEBUG: 未匹配频道: [大湾区之声] 来自 Gather.m3u
DEBUG: 未匹配频道: [经典音乐广播] 来自 Gather.m3u
DEBUG: 未匹配频道: [台海之声] 来自 Gather.m3u
DEBUG: 未匹配频道: [神州之声] 来自 Gather.m3u
DEBUG: 未匹配频道: [香港之声] 来自 Gather.m3u
DEBUG: 未匹配频道: [民族之声] 来自 Gather.m3u
DEBUG: 未匹配频道: [老年之声] 来自 Gather.m3u
DEBUG: 未匹配频道: [藏语广播] 来自 Gather.m3u
DEBUG: 未匹配频道: [维吾尔语广播] 来自 Gather.m3u
DEBUG: 未匹配频道: [阅读之声] 来自 Gather.m3u
DEBUG: 未匹配频道: [中国乡村之声] 来自 Gather.m3u
DEBUG: 未匹配频道: [哈萨克语广播] 来自 Gather.m3u
DEBUG: 未匹配频道: [HITFM劲曲调频] 来自 Gather.m3u
DEBUG: 未匹配频道: [轻松调频] 来自 Gather.m3u
DEBUG: 未匹配频道: [南海之声] 来自 Gather.m3u
DEBUG: 未匹配频道: [英语资讯广播 CGTN Radio] 来自 Gather.m3u
DEBUG: 未匹配频道: [北京新闻广播] 来自 Gather.m3u
DEBUG: 未匹配频道: [北京交通广播] 来自 Gather.m3u
DEBUG: 未匹配频道: [北京文艺广播] 来自 Gather.m3u
DEBUG: 未匹配频道: [北京音乐广播] 来自 Gather.m3u
DEBUG: 未匹配频道: [北京城市广播副中心之声] 来自 Gather.m3u
DEBUG: 未匹配频道: [北京体育广播] 来自 Gather.m3u
DEBUG: 未匹配频道: [北京969经典调频] 来自 Gather.m3u
DEBUG: 未匹配频道: [第一财经广播] 来自 Gather.m3u
DEBUG: 未匹配频道: [中国交通广播（长三角）] 来自 Gather.m3u
DEBUG: 未匹配频道: [长三角之声] 来自 Gather.m3u
DEBUG: 未匹配频道: [上海故事广播] 来自 Gather.m3u
DEBUG: 未匹配频道: [五星体育广播] 来自 Gather.m3u
DEBUG: 未匹配频道: [上海新闻广播] 来自 Gather.m3u
DEBUG: 未匹配频道: [KFM981] 来自 Gather.m3u
DEBUG: 未匹配频道: [动感101] 来自 Gather.m3u
DEBUG: 未匹配频道: [上海交通广播] 来自 Gather.m3u
DEBUG: 未匹配频道: [Love Radio FM103.7] 来自 Gather.m3u
DEBUG: 未匹配频道: [上海戏曲广播] 来自 Gather.m3u
DEBUG: 未匹配频道: [经典947] 来自 Gather.m3u
DEBUG: 未匹配频道: [浦江之声广播] 来自 Gather.m3u
DEBUG: 未匹配频道: [广东新闻广播] 来自 Gather.m3u
DEBUG: 未匹配频道: [广东股市广播] 来自 Gather.m3u
DEBUG: 未匹配频道: [广东音乐之声] 来自 Gather.m3u
DEBUG: 未匹配频道: [广东文体广播] 来自 Gather.m3u
DEBUG: 未匹配频道: [广东城市之声] 来自 Gather.m3u
DEBUG: 未匹配频道: [广东珠江之声] 来自 Gather.m3u
DEBUG: 未匹配频道: [广东珠江经济台] 来自 Gather.m3u
DEBUG: 未匹配频道: [广东南方生活广播] 来自 Gather.m3u
DEBUG: 未匹配频道: [广东交通之声] 来自 Gather.m3u
DEBUG: 未匹配频道: [深圳交通频率-快乐1062] 来自 Gather.m3u
DEBUG: 未匹配频道: [深圳音乐频率-飞扬971] 来自 Gather.m3u
DEBUG: 未匹配频道: [深圳生活频率-生活942] 来自 Gather.m3u
DEBUG: 未匹配频道: [广州新闻资讯广播] 来自 Gather.m3u
DEBUG: 未匹配频道: [广州青少年广播] 来自 Gather.m3u
DEBUG: 未匹配频道: [广州金曲音乐广播] 来自 Gather.m3u
DEBUG: 未匹配频道: [广州经济交通广播] 来自 Gather.m3u
DEBUG: 未匹配频道: [梅州电台综合广播] 来自 Gather.m3u
DEBUG: 未匹配频道: [佛山电台924] 来自 Gather.m3u
DEBUG: 未匹配频道: [深圳新闻频率-先锋898] 来自 Gather.m3u
DEBUG: 未匹配频道: [佛山电台906] 来自 Gather.m3u
DEBUG: 未匹配频道: [佛山电台901] 来自 Gather.m3u
DEBUG: 未匹配频道: [佛山电台946] 来自 Gather.m3u
DEBUG: 未匹配频道: [佛山电台883] 来自 Gather.m3u
DEBUG: 未匹配频道: [佛山电台985] 来自 Gather.m3u
DEBUG: 未匹配频道: [湛江经济广播] 来自 Gather.m3u
DEBUG: 未匹配频道: [湛江交通音乐广播] 来自 Gather.m3u
DEBUG: 未匹配频道: [湛江广播电视台综合广播] 来自 Gather.m3u
DEBUG: 未匹配频道: [阳江综合广播] 来自 Gather.m3u
DEBUG: 未匹配频道: [阳江旅游环保广播] 来自 Gather.m3u
DEBUG: 未匹配频道: [鹤山电台] 来自 Gather.m3u
DEBUG: 未匹配频道: [东莞音乐广播] 来自 Gather.m3u
DEBUG: 未匹配频道: [东莞交通广播] 来自 Gather.m3u
DEBUG: 未匹配频道: [东莞综合广播] 来自 Gather.m3u
DEBUG: 未匹配频道: [清远综合广播] 来自 Gather.m3u
DEBUG: 未匹配频道: [清远农村广播] 来自 Gather.m3u
DEBUG: 未匹配频道: [清远交通音乐广播] 来自 Gather.m3u
DEBUG: 未匹配频道: [肇庆综合广播] 来自 Gather.m3u
DEBUG: 未匹配频道: [肇庆旅游之声] 来自 Gather.m3u
DEBUG: 未匹配频道: [台山人民广播电台] 来自 Gather.m3u
DEBUG: 未匹配频道: [怀集音乐之声] 来自 Gather.m3u
DEBUG: 未匹配频道: [肇庆高新区广播] 来自 Gather.m3u
DEBUG: 未匹配频道: [重庆音乐广播] 来自 Gather.m3u
DEBUG: 未匹配频道: [重庆私家车广播] 来自 Gather.m3u
DEBUG: 未匹配频道: [万州交通广播] 来自 Gather.m3u
DEBUG: 未匹配频道: [重庆之声] 来自 Gather.m3u
DEBUG: 未匹配频道: [重庆经济广播] 来自 Gather.m3u
DEBUG: 未匹配频道: [万州综合广播] 来自 Gather.m3u
DEBUG: 未匹配频道: [重庆交通广播] 来自 Gather.m3u
DEBUG: 未匹配频道: [中国交通广播（重庆）] 来自 Gather.m3u
DEBUG: 未匹配频道: [綦江综合广播] 来自 Gather.m3u
DEBUG: 未匹配频道: [黑龙江新闻广播] 来自 Gather.m3u
DEBUG: 未匹配频道: [黑龙江都市女性广播] 来自 Gather.m3u
DEBUG: 未匹配频道: [黑龙江音乐广播] 来自 Gather.m3u
DEBUG: 未匹配频道: [黑龙江高校广播] 来自 Gather.m3u
DEBUG: 未匹配频道: [黑龙江朝语广播] 来自 Gather.m3u
DEBUG: 未匹配频道: [黑龙江生活广播] 来自 Gather.m3u
DEBUG: 未匹配频道: [黑龙江交通广播] 来自 Gather.m3u
DEBUG: 未匹配频道: [黑龙江爱家广播] 来自 Gather.m3u
DEBUG: 未匹配频道: [中国交通广播（黑龙江）] 来自 Gather.m3u
DEBUG: 未匹配频道: [哈尔滨音乐广播] 来自 Gather.m3u
DEBUG: 未匹配频道: [哈尔滨文艺广播] 来自 Gather.m3u
DEBUG: 未匹配频道: [哈尔滨交通广播] 来自 Gather.m3u
DEBUG: 未匹配频道: [哈尔滨古典音乐广播] 来自 Gather.m3u
DEBUG: 未匹配频道: [哈尔滨经济广播] 来自 Gather.m3u
DEBUG: 未匹配频道: [齐齐哈尔综合广播] 来自 Gather.m3u
DEBUG: 未匹配频道: [大庆音乐广播] 来自 Gather.m3u
DEBUG: 未匹配频道: [大庆交通广播] 来自 Gather.m3u
DEBUG: 未匹配频道: [大庆综合广播] 来自 Gather.m3u
DEBUG: 未匹配频道: [吉林新闻综合广播] 来自 Gather.m3u
DEBUG: 未匹配频道: [吉林经济广播] 来自 Gather.m3u
DEBUG: 未匹配频道: [吉林交通广播] 来自 Gather.m3u
DEBUG: 未匹配频道: [吉林乡村广播] 来自 Gather.m3u
DEBUG: 未匹配频道: [延边新闻广播] 来自 Gather.m3u
DEBUG: 未匹配频道: [延边文艺生活广播] 来自 Gather.m3u
DEBUG: 未匹配频道: [中国交通广播（吉林）] 来自 Gather.m3u
DEBUG: 未匹配频道: [吉林健康娱乐广播] 来自 Gather.m3u
DEBUG: 未匹配频道: [吉林资讯广播] 来自 Gather.m3u
DEBUG: 未匹配频道: [长春城市生活广播] 来自 Gather.m3u
DEBUG: 未匹配频道: [长春经济广播] 来自 Gather.m3u
DEBUG: 未匹配频道: [长春交通之声] 来自 Gather.m3u
DEBUG: 未匹配频道: [延边交通文艺广播] 来自 Gather.m3u
DEBUG: 未匹配频道: [吉林旅游广播] 来自 Gather.m3u
DEBUG: 未匹配频道: [吉林教育广播] 来自 Gather.m3u
DEBUG: 未匹配频道: [长春乡村戏曲广播] 来自 Gather.m3u
DEBUG: 未匹配频道: [长春UFM880] 来自 Gather.m3u
DEBUG: 未匹配频道: [松原交通文艺广播] 来自 Gather.m3u
DEBUG: 未匹配频道: [白山交通广播] 来自 Gather.m3u
DEBUG: 未匹配频道: [辽宁综合广播] 来自 Gather.m3u
DEBUG: 未匹配频道: [辽宁乡村广播] 来自 Gather.m3u
DEBUG: 未匹配频道: [辽宁经济广播] 来自 Gather.m3u
DEBUG: 未匹配频道: [辽宁交通广播] 来自 Gather.m3u
DEBUG: 未匹配频道: [营口音乐之声] 来自 Gather.m3u
DEBUG: 未匹配频道: [营口交通文艺广播] 来自 Gather.m3u
DEBUG: 未匹配频道: [大连新闻综合广播] 来自 Gather.m3u
DEBUG: 未匹配频道: [辽宁经典音乐广播] 来自 Gather.m3u
DEBUG: 未匹配频道: [大连少儿音乐广播] 来自 Gather.m3u
DEBUG: 未匹配频道: [大连都市之声广播] 来自 Gather.m3u
DEBUG: 未匹配频道: [大连1043] 来自 Gather.m3u
DEBUG: 未匹配频道: [中国交通广播（辽宁）] 来自 Gather.m3u
DEBUG: 未匹配频道: [FM106.9海城综合广播] 来自 Gather.m3u
DEBUG: 未匹配频道: [大连交通广播] 来自 Gather.m3u
DEBUG: 未匹配频道: [盘锦综合广播] 来自 Gather.m3u
DEBUG: 未匹配频道: [盘锦经济生活广播] 来自 Gather.m3u
DEBUG: 未匹配频道: [盘锦交通文艺广播] 来自 Gather.m3u
DEBUG: 未匹配频道: [铁岭交通广播] 来自 Gather.m3u
DEBUG: 未匹配频道: [营口新闻综合广播] 来自 Gather.m3u
DEBUG: 未匹配频道: [年代音乐105.6] 来自 Gather.m3u
DEBUG: 未匹配频道: [内蒙古交通之声广播] 来自 Gather.m3u
DEBUG: 未匹配频道: [内蒙古音乐之声] 来自 Gather.m3u
DEBUG: 未匹配频道: [内蒙古评书曲艺广播] 来自 Gather.m3u
DEBUG: 未匹配频道: [内蒙古绿野之声广播] 来自 Gather.m3u
DEBUG: 未匹配频道: [内蒙古蒙古语广播] 来自 Gather.m3u
DEBUG: 未匹配频道: [内蒙古汉语新闻综合广播] 来自 Gather.m3u
DEBUG: 未匹配频道: [内蒙古经济生活广播] 来自 Gather.m3u
DEBUG: 未匹配频道: [锡林郭勒汉语新闻综合广播] 来自 Gather.m3u
DEBUG: 未匹配频道: [锡林郭勒蒙语新闻综合广播] 来自 Gather.m3u
DEBUG: 未匹配频道: [阿拉善汉语广播] 来自 Gather.m3u
DEBUG: 未匹配频道: [阿拉善蒙语广播] 来自 Gather.m3u
DEBUG: 未匹配频道: [呼伦贝尔汉语广播] 来自 Gather.m3u
DEBUG: 未匹配频道: [呼伦贝尔蒙语广播] 来自 Gather.m3u
DEBUG: 未匹配频道: [中国交通广播（内蒙古）] 来自 Gather.m3u
DEBUG: 未匹配频道: [呼和浩特文艺广播] 来自 Gather.m3u
DEBUG: 未匹配频道: [赤峰交通广播] 来自 Gather.m3u
DEBUG: 未匹配频道: [赤峰农村牧区广播] 来自 Gather.m3u
DEBUG: 未匹配频道: [内蒙古新闻广播] 来自 Gather.m3u
DEBUG: 未匹配频道: [赤峰综合广播] 来自 Gather.m3u
DEBUG: 未匹配频道: [内蒙古草原之声广播] 来自 Gather.m3u
DEBUG: 未匹配频道: [赤峰蒙古语综合广播] 来自 Gather.m3u
DEBUG: 未匹配频道: [鄂尔多斯文体交通广播] 来自 Gather.m3u
DEBUG: 未匹配频道: [阿荣旗综合广播] 来自 Gather.m3u
DEBUG: 未匹配频道: [宁夏新闻广播] 来自 Gather.m3u
DEBUG: 未匹配频道: [中国交通广播（宁夏）] 来自 Gather.m3u
DEBUG: 未匹配频道: [宁夏交通广播] 来自 Gather.m3u
DEBUG: 未匹配频道: [宁夏旅游广播] 来自 Gather.m3u
DEBUG: 未匹配频道: [宁夏音乐广播] 来自 Gather.m3u
DEBUG: 未匹配频道: [宁夏经济广播] 来自 Gather.m3u
DEBUG: 未匹配频道: [甘肃经济广播] 来自 Gather.m3u
DEBUG: 未匹配频道: [甘肃新闻综合广播] 来自 Gather.m3u
DEBUG: 未匹配频道: [甘肃交通广播] 来自 Gather.m3u
DEBUG: 未匹配频道: [甘肃都市调频] 来自 Gather.m3u
DEBUG: 未匹配频道: [甘肃青春调频] 来自 Gather.m3u
DEBUG: 未匹配频道: [甘肃农村广播] 来自 Gather.m3u
DEBUG: 未匹配频道: [中国交通广播（甘肃）] 来自 Gather.m3u
DEBUG: 未匹配频道: [张掖新闻综合广播] 来自 Gather.m3u
DEBUG: 未匹配频道: [天水综合广播] 来自 Gather.m3u
DEBUG: 未匹配频道: [天水交通广播] 来自 Gather.m3u
DEBUG: 未匹配频道: [天水音乐文艺广播] 来自 Gather.m3u
DEBUG: 未匹配频道: [定西交通广播] 来自 Gather.m3u
DEBUG: 未匹配频道: [青海藏语广播] 来自 Gather.m3u
DEBUG: 未匹配频道: [青海新闻综合广播 青海之声] 来自 Gather.m3u
DEBUG: 未匹配频道: [青海交通音乐广播] 来自 Gather.m3u
DEBUG: 未匹配频道: [青海经济广播] 来自 Gather.m3u
DEBUG: 未匹配频道: [青海生活广播花儿调频] 来自 Gather.m3u
DEBUG: 未匹配频道: [西宁新闻综合广播] 来自 Gather.m3u
DEBUG: 未匹配频道: [西宁交通文艺广播] 来自 Gather.m3u
DEBUG: 未匹配频道: [陕西新闻广播] 来自 Gather.m3u
DEBUG: 未匹配频道: [陕西经济广播] 来自 Gather.m3u
DEBUG: 未匹配频道: [陕西音乐广播] 来自 Gather.m3u
DEBUG: 未匹配频道: [陕西戏曲广播] 来自 Gather.m3u
DEBUG: 未匹配频道: [陕西交通广播] 来自 Gather.m3u
DEBUG: 未匹配频道: [陕西农村广播] 来自 Gather.m3u
DEBUG: 未匹配频道: [陕西青少广播] 来自 Gather.m3u
DEBUG: 未匹配频道: [陕西都市广播] 来自 Gather.m3u
DEBUG: 未匹配频道: [榆林新闻综合广播] 来自 Gather.m3u
DEBUG: 未匹配频道: [延安新闻综合广播] 来自 Gather.m3u
DEBUG: 未匹配频道: [延安交通音乐广播] 来自 Gather.m3u
DEBUG: 未匹配频道: [中国交通广播（陕西）] 来自 Gather.m3u
DEBUG: 未匹配频道: [陕西故事广播] 来自 Gather.m3u
DEBUG: 未匹配频道: [陕西秦腔广播] 来自 Gather.m3u
DEBUG: 未匹配频道: [河北综合广播] 来自 Gather.m3u
DEBUG: 未匹配频道: [河北经济广播] 来自 Gather.m3u
DEBUG: 未匹配频道: [河北交通广播] 来自 Gather.m3u
DEBUG: 未匹配频道: [河北音乐广播] 来自 Gather.m3u
DEBUG: 未匹配频道: [河北文艺广播] 来自 Gather.m3u
DEBUG: 未匹配频道: [保定经济广播] 来自 Gather.m3u
DEBUG: 未匹配频道: [保定新闻广播] 来自 Gather.m3u
DEBUG: 未匹配频道: [保定交通广播] 来自 Gather.m3u
DEBUG: 未匹配频道: [保定城市服务广播] 来自 Gather.m3u
DEBUG: 未匹配频道: [衡水综合广播] 来自 Gather.m3u
DEBUG: 未匹配频道: [衡水文艺广播] 来自 Gather.m3u
DEBUG: 未匹配频道: [衡水交通广播] 来自 Gather.m3u
DEBUG: 未匹配频道: [中国交通广播（河北）] 来自 Gather.m3u
DEBUG: 未匹配频道: [石家庄音乐广播] 来自 Gather.m3u
DEBUG: 未匹配频道: [石家庄新闻广播] 来自 Gather.m3u
DEBUG: 未匹配频道: [河北农民广播] 来自 Gather.m3u
DEBUG: 未匹配频道: [石家庄经济广播] 来自 Gather.m3u
DEBUG: 未匹配频道: [石家庄交通广播] 来自 Gather.m3u
DEBUG: 未匹配频道: [河北旅游文化广播] 来自 Gather.m3u
DEBUG: 未匹配频道: [沧州1058汽车音乐广播] 来自 Gather.m3u
DEBUG: 未匹配频道: [河北新闻广播] 来自 Gather.m3u
DEBUG: 未匹配频道: [中国交通广播-雄安] 来自 Gather.m3u
DEBUG: 未匹配频道: [武安融媒综合广播] 来自 Gather.m3u
DEBUG: 未匹配频道: [承德旅游生活广播] 来自 Gather.m3u
DEBUG: 未匹配频道: [承德综合广播] 来自 Gather.m3u
DEBUG: 未匹配频道: [廊坊综合广播] 来自 Gather.m3u
DEBUG: 未匹配频道: [廊坊戏曲广播] 来自 Gather.m3u
DEBUG: 未匹配频道: [鹿泉融媒体中心综合广播犀牛音乐] 来自 Gather.m3u
DEBUG: 未匹配频道: [年代音乐959] 来自 Gather.m3u
DEBUG: 未匹配频道: [河北生活广播] 来自 Gather.m3u
DEBUG: 未匹配频道: [山西交通广播] 来自 Gather.m3u
DEBUG: 未匹配频道: [山西经济广播] 来自 Gather.m3u
DEBUG: 未匹配频道: [山西农村广播] 来自 Gather.m3u
DEBUG: 未匹配频道: [山西文艺广播] 来自 Gather.m3u
DEBUG: 未匹配频道: [山西音乐广播] 来自 Gather.m3u
DEBUG: 未匹配频道: [山西故事广播] 来自 Gather.m3u
DEBUG: 未匹配频道: [太原音乐广播] 来自 Gather.m3u
DEBUG: 未匹配频道: [山西健康之声广播] 来自 Gather.m3u
DEBUG: 未匹配频道: [太原交通广播] 来自 Gather.m3u
DEBUG: 未匹配频道: [太原老年之声] 来自 Gather.m3u
DEBUG: 未匹配频道: [太原新闻综合广播] 来自 Gather.m3u
DEBUG: 未匹配频道: [中国交通广播（山西）] 来自 Gather.m3u
DEBUG: 未匹配频道: [运城综合广播] 来自 Gather.m3u
DEBUG: 未匹配频道: [运城文艺广播] 来自 Gather.m3u
DEBUG: 未匹配频道: [太原经济广播] 来自 Gather.m3u
DEBUG: 未匹配频道: [大同交通广播] 来自 Gather.m3u
DEBUG: 未匹配频道: [大同经济文艺广播] 来自 Gather.m3u
DEBUG: 未匹配频道: [晋中交通文艺广播] 来自 Gather.m3u
DEBUG: 未匹配频道: [晋中综合广播] 来自 Gather.m3u
DEBUG: 未匹配频道: [长治FM98.0都市音乐之声] 来自 Gather.m3u
DEBUG: 未匹配频道: [大同新闻综合广播] 来自 Gather.m3u
DEBUG: 未匹配频道: [山西综合广播] 来自 Gather.m3u
DEBUG: 未匹配频道: [柳林人民广播电台] 来自 Gather.m3u
DEBUG: 未匹配频道: [山东交通广播] 来自 Gather.m3u
DEBUG: 未匹配频道: [山东体育休闲广播] 来自 Gather.m3u
DEBUG: 未匹配频道: [山东乡村广播] 来自 Gather.m3u
DEBUG: 未匹配频道: [山东综合广播] 来自 Gather.m3u
DEBUG: 未匹配频道: [山东文艺广播] 来自 Gather.m3u
DEBUG: 未匹配频道: [山东音乐广播] 来自 Gather.m3u
DEBUG: 未匹配频道: [山东经典音乐广播] 来自 Gather.m3u
DEBUG: 未匹配频道: [济南新闻广播] 来自 Gather.m3u
DEBUG: 未匹配频道: [济南经济广播] 来自 Gather.m3u
DEBUG: 未匹配频道: [济南私家车广播] 来自 Gather.m3u
DEBUG: 未匹配频道: [济南都市广播] 来自 Gather.m3u
DEBUG: 未匹配频道: [济南生活广播] 来自 Gather.m3u
DEBUG: 未匹配频道: [青岛故事广播] 来自 Gather.m3u
DEBUG: 未匹配频道: [枣庄经济生活广播] 来自 Gather.m3u
DEBUG: 未匹配频道: [威海音乐广播] 来自 Gather.m3u
DEBUG: 未匹配频道: [东营交通音乐广播] 来自 Gather.m3u
DEBUG: 未匹配频道: [威海新闻综合广播] 来自 Gather.m3u
DEBUG: 未匹配频道: [潍坊交通广播] 来自 Gather.m3u
DEBUG: 未匹配频道: [青岛新闻广播] 来自 Gather.m3u
DEBUG: 未匹配频道: [枣庄综合广播] 来自 Gather.m3u
DEBUG: 未匹配频道: [枣庄交通文艺广播] 来自 Gather.m3u
DEBUG: 未匹配频道: [临沂交通旅游广播] 来自 Gather.m3u
DEBUG: 未匹配频道: [青岛经济广播] 来自 Gather.m3u
DEBUG: 未匹配频道: [临沂综合广播] 来自 Gather.m3u
DEBUG: 未匹配频道: [青岛音乐体育广播] 来自 Gather.m3u
DEBUG: 未匹配频道: [青岛广播爱车940] 来自 Gather.m3u
DEBUG: 未匹配频道: [济宁综合广播] 来自 Gather.m3u
DEBUG: 未匹配频道: [济宁107生活广播] 来自 Gather.m3u
DEBUG: 未匹配频道: [临沂都市101经济广播] 来自 Gather.m3u
DEBUG: 未匹配频道: [济宁交通文艺广播] 来自 Gather.m3u
DEBUG: 未匹配频道: [中国交通广播（山东）] 来自 Gather.m3u
DEBUG: 未匹配频道: [烟台综合广播] 来自 Gather.m3u
DEBUG: 未匹配频道: [烟台音乐广播] 来自 Gather.m3u
DEBUG: 未匹配频道: [烟台交通广播] 来自 Gather.m3u
DEBUG: 未匹配频道: [菏泽交通广播] 来自 Gather.m3u
DEBUG: 未匹配频道: [菏泽音乐广播] 来自 Gather.m3u
DEBUG: 未匹配频道: [菏泽新闻广播] 来自 Gather.m3u
DEBUG: 未匹配频道: [淄博综合广播] 来自 Gather.m3u
DEBUG: 未匹配频道: [淄博交通音乐广播] 来自 Gather.m3u
DEBUG: 未匹配频道: [淄博私家车专属电台] 来自 Gather.m3u
DEBUG: 未匹配频道: [威海交通广播] 来自 Gather.m3u
DEBUG: 未匹配频道: [青岛交通广播] 来自 Gather.m3u
DEBUG: 未匹配频道: [青岛西海岸综合广播] 来自 Gather.m3u
DEBUG: 未匹配频道: [胶州875] 来自 Gather.m3u
DEBUG: 未匹配频道: [动感955] 来自 Gather.m3u
DEBUG: 未匹配频道: [FM898烟台汽车音乐广播] 来自 Gather.m3u
DEBUG: 未匹配频道: [桓台广播] 来自 Gather.m3u
DEBUG: 未匹配频道: [济南交通广播] 来自 Gather.m3u
DEBUG: 未匹配频道: [济南故事广播] 来自 Gather.m3u
DEBUG: 未匹配频道: [济南音乐广播] 来自 Gather.m3u
DEBUG: 未匹配频道: [潍坊FM100.8城市之声] 来自 Gather.m3u
DEBUG: 未匹配频道: [潍坊经济广播] 来自 Gather.m3u
DEBUG: 未匹配频道: [潍坊新闻广播] 来自 Gather.m3u
DEBUG: 未匹配频道: [潍坊音乐广播] 来自 Gather.m3u
DEBUG: 未匹配频道: [崂山921] 来自 Gather.m3u
DEBUG: 未匹配频道: [929德州文艺广播] 来自 Gather.m3u
DEBUG: 未匹配频道: [青岛文艺广播] 来自 Gather.m3u
DEBUG: 未匹配频道: [新泰融媒体综合广播] 来自 Gather.m3u
DEBUG: 未匹配频道: [安徽综合广播] 来自 Gather.m3u
DEBUG: 未匹配频道: [安徽经济广播] 来自 Gather.m3u
DEBUG: 未匹配频道: [安徽音乐广播] 来自 Gather.m3u
DEBUG: 未匹配频道: [安徽生活广播] 来自 Gather.m3u
DEBUG: 未匹配频道: [安徽交通广播] 来自 Gather.m3u
DEBUG: 未匹配频道: [安徽农村广播] 来自 Gather.m3u
DEBUG: 未匹配频道: [安徽旅游广播] 来自 Gather.m3u
DEBUG: 未匹配频道: [安徽老年广播] 来自 Gather.m3u
DEBUG: 未匹配频道: [安徽戏曲广播] 来自 Gather.m3u
DEBUG: 未匹配频道: [阜阳经济广播] 来自 Gather.m3u
DEBUG: 未匹配频道: [宣城交通1061] 来自 Gather.m3u
DEBUG: 未匹配频道: [合肥文艺广播] 来自 Gather.m3u
DEBUG: 未匹配频道: [安庆综合广播] 来自 Gather.m3u
DEBUG: 未匹配频道: [安庆交通音乐广播] 来自 Gather.m3u
DEBUG: 未匹配频道: [中国交通广播（安徽）] 来自 Gather.m3u
DEBUG: 未匹配频道: [合肥故事广播] 来自 Gather.m3u
DEBUG: 未匹配频道: [马鞍山综合广播] 来自 Gather.m3u
DEBUG: 未匹配频道: [马鞍山交通音乐广播] 来自 Gather.m3u
DEBUG: 未匹配频道: [马鞍山生活故事广播] 来自 Gather.m3u
DEBUG: 未匹配频道: [合肥交通广播] 来自 Gather.m3u
DEBUG: 未匹配频道: [阜阳交通广播] 来自 Gather.m3u
DEBUG: 未匹配频道: [阜阳综合广播] 来自 Gather.m3u
DEBUG: 未匹配频道: [阜南人民广播电台] 来自 Gather.m3u
DEBUG: 未匹配频道: [合肥新闻综合广播] 来自 Gather.m3u
DEBUG: 未匹配频道: [河南新闻广播] 来自 Gather.m3u
DEBUG: 未匹配频道: [河南经济广播] 来自 Gather.m3u
DEBUG: 未匹配频道: [河南交通广播] 来自 Gather.m3u
DEBUG: 未匹配频道: [魅力881河南音乐广播] 来自 Gather.m3u
DEBUG: 未匹配频道: [河南旅游广播·私家车999] 来自 Gather.m3u
DEBUG: 未匹配频道: [郑州交通广播] 来自 Gather.m3u
DEBUG: 未匹配频道: [郑州新闻广播] 来自 Gather.m3u
DEBUG: 未匹配频道: [郑州音乐广播] 来自 Gather.m3u
DEBUG: 未匹配频道: [中国交通广播（河南）] 来自 Gather.m3u
DEBUG: 未匹配频道: [河南教育广播] 来自 Gather.m3u
DEBUG: 未匹配频道: [新乡交通广播] 来自 Gather.m3u
DEBUG: 未匹配频道: [河南影视广播·My Radio] 来自 Gather.m3u
DEBUG: 未匹配频道: [河南农村广播] 来自 Gather.m3u
DEBUG: 未匹配频道: [漯河交通广播] 来自 Gather.m3u
DEBUG: 未匹配频道: [AI潮流音乐台·Big Radio] 来自 Gather.m3u
DEBUG: 未匹配频道: [郑州经济广播] 来自 Gather.m3u
DEBUG: 未匹配频道: [河南信息广播] 来自 Gather.m3u
DEBUG: 未匹配频道: [洛阳音乐广播] 来自 Gather.m3u
DEBUG: 未匹配频道: [郑州经典音乐广播] 来自 Gather.m3u
DEBUG: 未匹配频道: [南阳交通广播] 来自 Gather.m3u
DEBUG: 未匹配频道: [991新乡综合广播] 来自 Gather.m3u
DEBUG: 未匹配频道: [长垣综合广播] 来自 Gather.m3u
DEBUG: 未匹配频道: [洛阳交通广播] 来自 Gather.m3u
DEBUG: 未匹配频道: [洛阳综合广播] 来自 Gather.m3u
DEBUG: 未匹配频道: [开封综合广播] 来自 Gather.m3u
DEBUG: 未匹配频道: [漯河综合广播] 来自 Gather.m3u
DEBUG: 未匹配频道: [开封交通旅游广播] 来自 Gather.m3u
DEBUG: 未匹配频道: [尉氏交通音乐广播] 来自 Gather.m3u
DEBUG: 未匹配频道: [通许融媒1026] 来自 Gather.m3u
DEBUG: 未匹配频道: [开封祥符广播919] 来自 Gather.m3u
DEBUG: 未匹配频道: [兰考融媒综合广播] 来自 Gather.m3u
DEBUG: 未匹配频道: [开封私家车音乐广播] 来自 Gather.m3u
DEBUG: 未匹配频道: [杞县人民广播电台] 来自 Gather.m3u
DEBUG: 未匹配频道: [湖北之声] 来自 Gather.m3u
DEBUG: 未匹配频道: [湖北农村广播] 来自 Gather.m3u
DEBUG: 未匹配频道: [楚天交通广播] 来自 Gather.m3u
DEBUG: 未匹配频道: [湖北经济广播] 来自 Gather.m3u
DEBUG: 未匹配频道: [楚天音乐广播] 来自 Gather.m3u
DEBUG: 未匹配频道: [湖北经典音乐广播] 来自 Gather.m3u
DEBUG: 未匹配频道: [湖北城市之声] 来自 Gather.m3u
DEBUG: 未匹配频道: [中国交通广播（湖北）] 来自 Gather.m3u
DEBUG: 未匹配频道: [宜昌交通广播] 来自 Gather.m3u
DEBUG: 未匹配频道: [宜昌音乐生活广播] 来自 Gather.m3u
DEBUG: 未匹配频道: [武汉交通广播] 来自 Gather.m3u
DEBUG: 未匹配频道: [十堰交通音乐广播] 来自 Gather.m3u
DEBUG: 未匹配频道: [十堰综合广播] 来自 Gather.m3u
DEBUG: 未匹配频道: [恩施综合广播] 来自 Gather.m3u
DEBUG: 未匹配频道: [恩施交通音乐广播] 来自 Gather.m3u
DEBUG: 未匹配频道: [鄂州广播电视台综合广播] 来自 Gather.m3u
DEBUG: 未匹配频道: [十堰旅游生活广播] 来自 Gather.m3u
DEBUG: 未匹配频道: [随州综合广播] 来自 Gather.m3u
DEBUG: 未匹配频道: [随州交通广播] 来自 Gather.m3u
DEBUG: 未匹配频道: [荆州音乐广播] 来自 Gather.m3u
DEBUG: 未匹配频道: [荆州901交通广播] 来自 Gather.m3u
DEBUG: 未匹配频道: [宜昌新闻综合广播] 来自 Gather.m3u
DEBUG: 未匹配频道: [黄冈新闻综合广播] 来自 Gather.m3u
DEBUG: 未匹配频道: [黄冈交通音乐广播] 来自 Gather.m3u
DEBUG: 未匹配频道: [襄阳综合广播] 来自 Gather.m3u
DEBUG: 未匹配频道: [蕲春人民广播电台] 来自 Gather.m3u
DEBUG: 未匹配频道: [宜昌魅力930] 来自 Gather.m3u
DEBUG: 未匹配频道: [江陵综合广播] 来自 Gather.m3u
DEBUG: 未匹配频道: [湖南金鹰955] 来自 Gather.m3u
DEBUG: 未匹配频道: [芒果时空音乐台] 来自 Gather.m3u
DEBUG: 未匹配频道: [湖南新闻频道] 来自 Gather.m3u
DEBUG: 未匹配频道: [湖南电台潇湘之声] 来自 Gather.m3u
DEBUG: 未匹配频道: [中国交通广播（湖南）] 来自 Gather.m3u
DEBUG: 未匹配频道: [长沙新闻广播] 来自 Gather.m3u
DEBUG: 未匹配频道: [长沙城市之声] 来自 Gather.m3u
DEBUG: 未匹配频道: [湖南经济广播] 来自 Gather.m3u
DEBUG: 未匹配频道: [975摩登音乐台] 来自 Gather.m3u
DEBUG: 未匹配频道: [湖南交通广播] 来自 Gather.m3u
DEBUG: 未匹配频道: [湖南音乐之声] 来自 Gather.m3u
DEBUG: 未匹配频道: [长沙交通广播] 来自 Gather.m3u
DEBUG: 未匹配频道: [衡阳综合广播] 来自 Gather.m3u
DEBUG: 未匹配频道: [衡阳交通经济广播] 来自 Gather.m3u
DEBUG: 未匹配频道: [永州新闻综合广播] 来自 Gather.m3u
DEBUG: 未匹配频道: [长沙音乐广播] 来自 Gather.m3u
DEBUG: 未匹配频道: [郴州交通广播] 来自 Gather.m3u
DEBUG: 未匹配频道: [江西新闻广播] 来自 Gather.m3u
DEBUG: 未匹配频道: [江西财经广播] 来自 Gather.m3u
DEBUG: 未匹配频道: [江西交通广播] 来自 Gather.m3u
DEBUG: 未匹配频道: [江西音乐广播] 来自 Gather.m3u
DEBUG: 未匹配频道: [江西都市广播] 来自 Gather.m3u
DEBUG: 未匹配频道: [江西民生广播] 来自 Gather.m3u
DEBUG: 未匹配频道: [江西农村广播] 来自 Gather.m3u
DEBUG: 未匹配频道: [赣州交通音乐广播] 来自 Gather.m3u
DEBUG: 未匹配频道: [赣州新闻综合广播] 来自 Gather.m3u
DEBUG: 未匹配频道: [赣州农村科教广播] 来自 Gather.m3u
DEBUG: 未匹配频道: [江西故事广播潮台969] 来自 Gather.m3u
DEBUG: 未匹配频道: [中国交通广播（江西）] 来自 Gather.m3u
DEBUG: 未匹配频道: [鹰潭交通音乐广播] 来自 Gather.m3u
DEBUG: 未匹配频道: [鹰潭新闻综合频率] 来自 Gather.m3u
DEBUG: 未匹配频道: [江西旅游广播] 来自 Gather.m3u
DEBUG: 未匹配频道: [江苏新闻综合广播] 来自 Gather.m3u
DEBUG: 未匹配频道: [江苏新闻广播] 来自 Gather.m3u
DEBUG: 未匹配频道: [江苏经典流行音乐] 来自 Gather.m3u
DEBUG: 未匹配频道: [江苏音乐广播] 来自 Gather.m3u
DEBUG: 未匹配频道: [江苏文艺广播] 来自 Gather.m3u
DEBUG: 未匹配频道: [江苏金陵之声] 来自 Gather.m3u
DEBUG: 未匹配频道: [江苏交通广播] 来自 Gather.m3u
DEBUG: 未匹配频道: [江苏财经广播] 来自 Gather.m3u
DEBUG: 未匹配频道: [江苏健康广播] 来自 Gather.m3u
DEBUG: 未匹配频道: [江苏故事广播] 来自 Gather.m3u
DEBUG: 未匹配频道: [南京新闻综合广播] 来自 Gather.m3u
DEBUG: 未匹配频道: [南京体育广播] 来自 Gather.m3u
DEBUG: 未匹配频道: [南京城市管理广播] 来自 Gather.m3u
DEBUG: 未匹配频道: [靖江广播] 来自 Gather.m3u
DEBUG: 未匹配频道: [苏州新闻综合广播] 来自 Gather.m3u
DEBUG: 未匹配频道: [苏州儿童广播] 来自 Gather.m3u
DEBUG: 未匹配频道: [苏州生活广播] 来自 Gather.m3u
DEBUG: 未匹配频道: [苏州都市音乐广播] 来自 Gather.m3u
DEBUG: 未匹配频道: [苏州交通经济广播] 来自 Gather.m3u
DEBUG: 未匹配频道: [无锡新闻广播] 来自 Gather.m3u
DEBUG: 未匹配频道: [中国交通广播（江苏）] 来自 Gather.m3u
DEBUG: 未匹配频道: [镇江经济广播] 来自 Gather.m3u
DEBUG: 未匹配频道: [淮安经典992] 来自 Gather.m3u
DEBUG: 未匹配频道: [扬州电台江都广播] 来自 Gather.m3u
DEBUG: 未匹配频道: [镇江文艺广播] 来自 Gather.m3u
DEBUG: 未匹配频道: [镇江交通广播] 来自 Gather.m3u
DEBUG: 未匹配频道: [扬州经济音乐广播] 来自 Gather.m3u
DEBUG: 未匹配频道: [盐城交通广播] 来自 Gather.m3u
DEBUG: 未匹配频道: [无锡新闻综合广播] 来自 Gather.m3u
DEBUG: 未匹配频道: [徐州农村广播] 来自 Gather.m3u
DEBUG: 未匹配频道: [镇江综合广播] 来自 Gather.m3u
DEBUG: 未匹配频道: [南京经济广播] 来自 Gather.m3u
DEBUG: 未匹配频道: [南通音乐生活广播] 来自 Gather.m3u
DEBUG: 未匹配频道: [南通经济广播] 来自 Gather.m3u
DEBUG: 未匹配频道: [徐州交通广播] 来自 Gather.m3u
DEBUG: 未匹配频道: [盐城音乐广播] 来自 Gather.m3u
DEBUG: 未匹配频道: [徐州新闻综合广播] 来自 Gather.m3u
DEBUG: 未匹配频道: [南通新闻综合广播] 来自 Gather.m3u
DEBUG: 未匹配频道: [南通交通广播] 来自 Gather.m3u
DEBUG: 未匹配频道: [盐城经典调频] 来自 Gather.m3u
DEBUG: 未匹配频道: [盐城新闻广播] 来自 Gather.m3u
DEBUG: 未匹配频道: [宿迁交通广播] 来自 Gather.m3u
DEBUG: 未匹配频道: [宿迁音乐广播] 来自 Gather.m3u
DEBUG: 未匹配频道: [无锡经济广播] 来自 Gather.m3u
DEBUG: 未匹配频道: [无锡交通广播] 来自 Gather.m3u
DEBUG: 未匹配频道: [无锡梁溪之声广播] 来自 Gather.m3u
DEBUG: 未匹配频道: [无锡都市生活广播] 来自 Gather.m3u
DEBUG: 未匹配频道: [无锡音乐广播] 来自 Gather.m3u
DEBUG: 未匹配频道: [常熟广播] 来自 Gather.m3u
DEBUG: 未匹配频道: [徐州音乐广播] 来自 Gather.m3u
DEBUG: 未匹配频道: [常州交通广播] 来自 Gather.m3u
DEBUG: 未匹配频道: [常州新闻综合广播] 来自 Gather.m3u
DEBUG: 未匹配频道: [常州经济广播] 来自 Gather.m3u
DEBUG: 未匹配频道: [常州音乐广播] 来自 Gather.m3u
DEBUG: 未匹配频道: [声动吴江891] 来自 Gather.m3u
DEBUG: 未匹配频道: [淮安汽车音乐广播] 来自 Gather.m3u
DEBUG: 未匹配频道: [淮安新闻综合广播] 来自 Gather.m3u
DEBUG: 未匹配频道: [淮安交通文艺广播] 来自 Gather.m3u
DEBUG: 未匹配频道: [淮安经济生活广播] 来自 Gather.m3u
DEBUG: 未匹配频道: [张家港市融媒体中心综合广播] 来自 Gather.m3u
DEBUG: 未匹配频道: [扬州新闻广播] 来自 Gather.m3u
DEBUG: 未匹配频道: [扬州交通广播] 来自 Gather.m3u
DEBUG: 未匹配频道: [浙江之声] 来自 Gather.m3u
DEBUG: 未匹配频道: [浙江经济广播] 来自 Gather.m3u
DEBUG: 未匹配频道: [浙江交通之声] 来自 Gather.m3u
DEBUG: 未匹配频道: [浙江民生996] 来自 Gather.m3u
DEBUG: 未匹配频道: [浙江城市之声] 来自 Gather.m3u
DEBUG: 未匹配频道: [浙江女主播电台] 来自 Gather.m3u
DEBUG: 未匹配频道: [湖州交通文艺广播] 来自 Gather.m3u
DEBUG: 未匹配频道: [湖州经济广播] 来自 Gather.m3u
DEBUG: 未匹配频道: [衢州新闻综合广播] 来自 Gather.m3u
DEBUG: 未匹配频道: [金华综合广播] 来自 Gather.m3u
DEBUG: 未匹配频道: [衢州交通音乐广播] 来自 Gather.m3u
DEBUG: 未匹配频道: [舟山新闻综合广播] 来自 Gather.m3u
DEBUG: 未匹配频道: [金华对农广播] 来自 Gather.m3u
DEBUG: 未匹配频道: [金华交通音乐广播] 来自 Gather.m3u
DEBUG: 未匹配频道: [宁波交通广播] 来自 Gather.m3u
DEBUG: 未匹配频道: [舟山交通音乐广播] 来自 Gather.m3u
DEBUG: 未匹配频道: [宁波音乐广播] 来自 Gather.m3u
DEBUG: 未匹配频道: [杭州交通广播] 来自 Gather.m3u
DEBUG: 未匹配频道: [浙江音乐调频] 来自 Gather.m3u
DEBUG: 未匹配频道: [宁波新闻综合广播] 来自 Gather.m3u
DEBUG: 未匹配频道: [宁波经济广播] 来自 Gather.m3u
DEBUG: 未匹配频道: [西湖之声] 来自 Gather.m3u
DEBUG: 未匹配频道: [杭州老朋友广播] 来自 Gather.m3u
DEBUG: 未匹配频道: [杭州FM90.7音乐台] 来自 Gather.m3u
DEBUG: 未匹配频道: [1047 NiceFM] 来自 Gather.m3u
DEBUG: 未匹配频道: [中国交通广播（浙江）] 来自 Gather.m3u
DEBUG: 未匹配频道: [桐乡之声] 来自 Gather.m3u
DEBUG: 未匹配频道: [大潮之声] 来自 Gather.m3u
DEBUG: 未匹配频道: [萧山人民广播电台] 来自 Gather.m3u
DEBUG: 未匹配频道: [平湖交通生活广播] 来自 Gather.m3u
DEBUG: 未匹配频道: [乐清人民广播电台] 来自 Gather.m3u
DEBUG: 未匹配频道: [太湖之声] 来自 Gather.m3u
DEBUG: 未匹配频道: [义乌新闻广播] 来自 Gather.m3u
DEBUG: 未匹配频道: [义乌交通广播] 来自 Gather.m3u
DEBUG: 未匹配频道: [杭州之声] 来自 Gather.m3u
DEBUG: 未匹配频道: [福建新闻广播] 来自 Gather.m3u
DEBUG: 未匹配频道: [福建音乐广播] 来自 Gather.m3u
DEBUG: 未匹配频道: [福建987私家车广播] 来自 Gather.m3u
DEBUG: 未匹配频道: [福建交通应急广播] 来自 Gather.m3u
DEBUG: 未匹配频道: [福建经济电台961] 来自 Gather.m3u
DEBUG: 未匹配频道: [福建东南广播] 来自 Gather.m3u
DEBUG: 未匹配频道: [厦门闽南之声] 来自 Gather.m3u
DEBUG: 未匹配频道: [畅行876] 来自 Gather.m3u
DEBUG: 未匹配频道: [漳州综合广播] 来自 Gather.m3u
DEBUG: 未匹配频道: [漳州交通广播] 来自 Gather.m3u
DEBUG: 未匹配频道: [宁德综合广播] 来自 Gather.m3u
DEBUG: 未匹配频道: [厦门新闻综合广播] 来自 Gather.m3u
DEBUG: 未匹配频道: [厦门旅游广播] 来自 Gather.m3u
DEBUG: 未匹配频道: [厦门经济交通广播] 来自 Gather.m3u
DEBUG: 未匹配频道: [厦门音乐广播] 来自 Gather.m3u
DEBUG: 未匹配频道: [宁德交通旅游广播] 来自 Gather.m3u
DEBUG: 未匹配频道: [平潭广播电视台综合广播] 来自 Gather.m3u
DEBUG: 未匹配频道: [广西交通广播] 来自 Gather.m3u
DEBUG: 未匹配频道: [广西教育广播] 来自 Gather.m3u
DEBUG: 未匹配频道: [广西经济广播] 来自 Gather.m3u
DEBUG: 未匹配频道: [广西北部湾之声] 来自 Gather.m3u
DEBUG: 未匹配频道: [广西音乐台] 来自 Gather.m3u
DEBUG: 未匹配频道: [桂林新闻综合广播] 来自 Gather.m3u
DEBUG: 未匹配频道: [桂林电台最爱912] 来自 Gather.m3u
DEBUG: 未匹配频道: [桂林飞扬调频] 来自 Gather.m3u
DEBUG: 未匹配频道: [来宾人民广播电台] 来自 Gather.m3u
DEBUG: 未匹配频道: [柳州交通广播] 来自 Gather.m3u
DEBUG: 未匹配频道: [南宁990新闻台] 来自 Gather.m3u
DEBUG: 未匹配频道: [南宁1074交通台] 来自 Gather.m3u
DEBUG: 未匹配频道: [南宁快乐895] 来自 Gather.m3u
DEBUG: 未匹配频道: [南宁经典1049] 来自 Gather.m3u
DEBUG: 未匹配频道: [中国交通广播（广西）] 来自 Gather.m3u
DEBUG: 未匹配频道: [钦州城市之声] 来自 Gather.m3u
DEBUG: 未匹配频道: [钦州海豚之声] 来自 Gather.m3u
DEBUG: 未匹配频道: [广西综合广播] 来自 Gather.m3u
DEBUG: 未匹配频道: [云南新闻广播] 来自 Gather.m3u
DEBUG: 未匹配频道: [云南音乐广播] 来自 Gather.m3u
DEBUG: 未匹配频道: [云南经济广播] 来自 Gather.m3u
DEBUG: 未匹配频道: [云南交通广播] 来自 Gather.m3u
DEBUG: 未匹配频道: [云南旅游广播] 来自 Gather.m3u
DEBUG: 未匹配频道: [云南民族广播] 来自 Gather.m3u
DEBUG: 未匹配频道: [云南国际广播] 来自 Gather.m3u
DEBUG: 未匹配频道: [云南教育广播] 来自 Gather.m3u
DEBUG: 未匹配频道: [昭通人民广播电台新闻综合广播] 来自 Gather.m3u
DEBUG: 未匹配频道: [玉溪新闻综合广播] 来自 Gather.m3u
DEBUG: 未匹配频道: [昭通交通旅游广播] 来自 Gather.m3u
DEBUG: 未匹配频道: [普洱广播电视台综合广播] 来自 Gather.m3u
DEBUG: 未匹配频道: [玉溪交通旅游广播] 来自 Gather.m3u
DEBUG: 未匹配频道: [怒江广播电视台综合广播] 来自 Gather.m3u
DEBUG: 未匹配频道: [文山交通广播] 来自 Gather.m3u
DEBUG: 未匹配频道: [弥勒广播电视台新闻综合广播] 来自 Gather.m3u
DEBUG: 未匹配频道: [红河综合广播] 来自 Gather.m3u
DEBUG: 未匹配频道: [红河交通广播] 来自 Gather.m3u
DEBUG: 未匹配频道: [德宏广播电视台综合广播] 来自 Gather.m3u
DEBUG: 未匹配频道: [德宏交通旅游广播] 来自 Gather.m3u
DEBUG: 未匹配频道: [普洱交通广播] 来自 Gather.m3u
DEBUG: 未匹配频道: [蒙自广播电视台综合广播] 来自 Gather.m3u
DEBUG: 未匹配频道: [昆明新闻资讯广播] 来自 Gather.m3u
DEBUG: 未匹配频道: [昆明NEW] 来自 Gather.m3u
DEBUG: 未匹配频道: [昆明汽车音乐广播] 来自 Gather.m3u
DEBUG: 未匹配频道: [楚雄综合广播] 来自 Gather.m3u
DEBUG: 未匹配频道: [楚雄音乐广播] 来自 Gather.m3u
DEBUG: 未匹配频道: [昆明城市生活广播] 来自 Gather.m3u
DEBUG: 未匹配频道: [文山综合广播] 来自 Gather.m3u
DEBUG: 未匹配频道: [贵州经济广播] 来自 Gather.m3u
DEBUG: 未匹配频道: [贵州音乐广播] 来自 Gather.m3u
DEBUG: 未匹配频道: [贵州旅游广播] 来自 Gather.m3u
DEBUG: 未匹配频道: [贵州综合广播] 来自 Gather.m3u
DEBUG: 未匹配频道: [中国交通广播（贵州）] 来自 Gather.m3u
DEBUG: 未匹配频道: [贵阳综合广播] 来自 Gather.m3u
DEBUG: 未匹配频道: [贵阳旅游生活广播] 来自 Gather.m3u
DEBUG: 未匹配频道: [贵阳交通广播] 来自 Gather.m3u
DEBUG: 未匹配频道: [安顺交通广播] 来自 Gather.m3u
DEBUG: 未匹配频道: [安顺新闻综合广播] 来自 Gather.m3u
DEBUG: 未匹配频道: [黔西南交通旅游广播] 来自 Gather.m3u
DEBUG: 未匹配频道: [贵州交通广播] 来自 Gather.m3u
DEBUG: 未匹配频道: [四川经济广播] 来自 Gather.m3u
DEBUG: 未匹配频道: [四川文艺广播] 来自 Gather.m3u
DEBUG: 未匹配频道: [四川岷江音乐频率] 来自 Gather.m3u
DEBUG: 未匹配频道: [四川新闻广播] 来自 Gather.m3u
DEBUG: 未匹配频道: [四川交通广播] 来自 Gather.m3u
DEBUG: 未匹配频道: [四川城市之音] 来自 Gather.m3u
DEBUG: 未匹配频道: [四川民族广播] 来自 Gather.m3u
DEBUG: 未匹配频道: [四川综合广播] 来自 Gather.m3u
DEBUG: 未匹配频道: [天府之声] 来自 Gather.m3u
DEBUG: 未匹配频道: [成都经济广播] 来自 Gather.m3u
DEBUG: 未匹配频道: [南充交通音乐广播] 来自 Gather.m3u
DEBUG: 未匹配频道: [中国交通广播（四川）] 来自 Gather.m3u
DEBUG: 未匹配频道: [内江交通广播] 来自 Gather.m3u
DEBUG: 未匹配频道: [泸州音乐广播] 来自 Gather.m3u
DEBUG: 未匹配频道: [泸州交通广播] 来自 Gather.m3u
DEBUG: 未匹配频道: [泸州综合广播] 来自 Gather.m3u
DEBUG: 未匹配频道: [成都交通文艺广播] 来自 Gather.m3u
DEBUG: 未匹配频道: [宜宾交通广播] 来自 Gather.m3u
DEBUG: 未匹配频道: [遂宁交通旅游广播] 来自 Gather.m3u
DEBUG: 未匹配频道: [遂宁综合广播] 来自 Gather.m3u
DEBUG: 未匹配频道: [德阳经济生活广播] 来自 Gather.m3u
DEBUG: 未匹配频道: [德阳综合广播] 来自 Gather.m3u
DEBUG: 未匹配频道: [南充综合广播] 来自 Gather.m3u
DEBUG: 未匹配频道: [年代音乐1022] 来自 Gather.m3u
DEBUG: 未匹配频道: [成都新闻广播] 来自 Gather.m3u
DEBUG: 未匹配频道: [成都故事广播] 来自 Gather.m3u
DEBUG: 未匹配频道: [攀枝花交通音乐广播] 来自 Gather.m3u
DEBUG: 未匹配频道: [AsiaFM成都96.5] 来自 Gather.m3u
DEBUG: 未匹配频道: [双流空港之声] 来自 Gather.m3u
DEBUG: 未匹配频道: [凉山综合广播] 来自 Gather.m3u
DEBUG: 未匹配频道: [绵阳音乐广播] 来自 Gather.m3u
DEBUG: 未匹配频道: [绵阳新闻广播] 来自 Gather.m3u
DEBUG: 未匹配频道: [绵阳交通广播] 来自 Gather.m3u
DEBUG: 未匹配频道: [遂宁农村广播] 来自 Gather.m3u
DEBUG: 未匹配频道: [年代音乐889] 来自 Gather.m3u
DEBUG: 未匹配频道: [年代音乐1032] 来自 Gather.m3u
DEBUG: 未匹配频道: [成都潮台88.7] 来自 Gather.m3u
DEBUG: 未匹配频道: [城市96.5] 来自 Gather.m3u
DEBUG: 未匹配频道: [资阳综合广播] 来自 Gather.m3u
DEBUG: 未匹配频道: [935爱旅游] 来自 Gather.m3u
DEBUG: 未匹配频道: [宜宾音乐广播] 来自 Gather.m3u
DEBUG: 未匹配频道: [新疆绿色广播] 来自 Gather.m3u
DEBUG: 未匹配频道: [新疆维吾尔语综合广播] 来自 Gather.m3u
DEBUG: 未匹配频道: [新疆哈萨克语综合广播] 来自 Gather.m3u
DEBUG: 未匹配频道: [新疆蒙古语广播] 来自 Gather.m3u
DEBUG: 未匹配频道: [新疆文化旅游广播] 来自 Gather.m3u
DEBUG: 未匹配频道: [新疆交通广播] 来自 Gather.m3u
DEBUG: 未匹配频道: [新疆新闻广播] 来自 Gather.m3u
DEBUG: 未匹配频道: [新疆维吾尔语交通文艺广播] 来自 Gather.m3u
DEBUG: 未匹配频道: [新疆柯尔克孜语综合广播] 来自 Gather.m3u
DEBUG: 未匹配频道: [中国交通广播（新疆）] 来自 Gather.m3u
DEBUG: 未匹配频道: [新疆故事广播] 来自 Gather.m3u
DEBUG: 未匹配频道: [新疆音乐广播] 来自 Gather.m3u
DEBUG: 未匹配频道: [新疆老年广播] 来自 Gather.m3u
DEBUG: 未匹配频道: [新疆990音乐广播] 来自 Gather.m3u
DEBUG: 未匹配频道: [伊犁广播电视台汉语综合广播] 来自 Gather.m3u
DEBUG: 未匹配频道: [伊犁广播电视台维吾尔语综合广播] 来自 Gather.m3u
DEBUG: 未匹配频道: [伊犁广播电视台哈萨克语综合广播] 来自 Gather.m3u
DEBUG: 未匹配频道: [巴音郭楞交通文艺广播] 来自 Gather.m3u
DEBUG: 未匹配频道: [伊犁广播电视台交通音乐广播] 来自 Gather.m3u
DEBUG: 未匹配频道: [伊犁广播电视台汉语经济广播] 来自 Gather.m3u
DEBUG: 未匹配频道: [克拉玛依融媒FM92.6综合广播] 来自 Gather.m3u
DEBUG: 未匹配频道: [克拉玛依融媒FM97.1音乐广播] 来自 Gather.m3u
DEBUG: 未匹配频道: [巴音郭楞综合广播] 来自 Gather.m3u
DEBUG: 未匹配频道: [哈密维吾尔语综合广播] 来自 Gather.m3u
DEBUG: 未匹配频道: [哈密汉语综合广播] 来自 Gather.m3u
DEBUG: 未匹配频道: [乌鲁木齐974交通广播] 来自 Gather.m3u
DEBUG: 未匹配频道: [乌鲁木齐新闻广播] 来自 Gather.m3u
DEBUG: 未匹配频道: [乌鲁木齐旅游音乐广播] 来自 Gather.m3u
DEBUG: 未匹配频道: [乌鲁木齐维吾尔语广播] 来自 Gather.m3u
DEBUG: 未匹配频道: [博尔塔拉蒙古自治州人民广播电台汉语综合广播] 来自 Gather.m3u
DEBUG: 未匹配频道: [博尔塔拉蒙古自治州人民广播电台蒙语综合广播] 来自 Gather.m3u
DEBUG: 未匹配频道: [喀什广播电视台综合广播] 来自 Gather.m3u
DEBUG: 未匹配频道: [哈密广播电视台交通文艺广播] 来自 Gather.m3u
DEBUG: 未匹配频道: [西藏藏语广播] 来自 Gather.m3u
DEBUG: 未匹配频道: [西藏汉语广播] 来自 Gather.m3u
DEBUG: 未匹配频道: [西藏对外交通广播] 来自 Gather.m3u
DEBUG: 未匹配频道: [西藏康巴语广播] 来自 Gather.m3u
DEBUG: 未匹配频道: [西藏都市生活广播] 来自 Gather.m3u
DEBUG: 未匹配频道: [海南新闻广播] 来自 Gather.m3u
DEBUG: 未匹配频道: [海南交通广播] 来自 Gather.m3u
DEBUG: 未匹配频道: [海南音乐广播] 来自 Gather.m3u
DEBUG: 未匹配频道: [海口音乐广播] 来自 Gather.m3u
DEBUG: 未匹配频道: [海口旅游交通广播] 来自 Gather.m3u
DEBUG: 未匹配频道: [海南旅游广播] 来自 Gather.m3u
DEBUG: 未匹配频道: [海南民生广播] 来自 Gather.m3u
DEBUG: 未匹配频道: [海口生活广播] 来自 Gather.m3u
DEBUG: 未匹配频道: [RTHK1] 来自 Gather.m3u
DEBUG: 未匹配频道: [RTHK2] 来自 Gather.m3u
DEBUG: 未匹配频道: [RTHK4] 来自 Gather.m3u
DEBUG: 未匹配频道: [RTHK5] 来自 Gather.m3u
DEBUG: 未匹配频道: [RTHK普通话] 来自 Gather.m3u
DEBUG: 未匹配频道: [法国国际广播电台] 来自 Gather.m3u
DEBUG: 未匹配频道: [美国之音] 来自 Gather.m3u
DEBUG: 未匹配频道: [自由亚洲电台] 来自 Gather.m3u
DEBUG: 未匹配频道: [中广新闻网] 来自 Gather.m3u
DEBUG: 未匹配频道: [CCTV4欧洲] 来自 Gather.m3u
DEBUG: 未匹配频道: [CCTV4美洲] 来自 Gather.m3u
DEBUG: 未匹配频道: [甘肃卫视] 来自 Gather.m3u
DEBUG: 未匹配频道: [延边卫视] 来自 Gather.m3u
DEBUG: 未匹配频道: [西藏卫视] 来自 Gather.m3u
DEBUG: 未匹配频道: [宁夏卫视] 来自 Gather.m3u
DEBUG: 未匹配频道: [山西卫视] 来自 Gather.m3u
DEBUG: 未匹配频道: [香港卫视] 来自 Gather.m3u
DEBUG: 未匹配频道: [内蒙古卫视] 来自 Gather.m3u
DEBUG: 未匹配频道: [新疆卫视] 来自 Gather.m3u
DEBUG: 未匹配频道: [CETV1] 来自 Gather.m3u
DEBUG: 未匹配频道: [CETV2] 来自 Gather.m3u
DEBUG: 未匹配频道: [CETV3] 来自 Gather.m3u
DEBUG: 未匹配频道: [CETV4] 来自 Gather.m3u
DEBUG: 未匹配频道: [MPD] 来自 Gather.m3u
DEBUG: 未匹配频道: [MPD] 来自 Gather.m3u
DEBUG: 未匹配频道: [MPD] 来自 Gather.m3u
DEBUG: 未匹配频道: [NOW新闻] 来自 JackTV.m3u
DEBUG: 未匹配频道: [HOYTV] 来自 JackTV.m3u
DEBUG: 未匹配频道: [HOYTV] 来自 JackTV.m3u
DEBUG: 未匹配频道: [HOY国际财经] 来自 JackTV.m3u
DEBUG: 未匹配频道: [凤凰卫视香港台] 来自 JackTV.m3u
DEBUG: 未匹配频道: [五星体育] 来自 JackTV.m3u
DEBUG: 未匹配频道: [重温经典] 来自 JackTV.m3u
DEBUG: 未匹配频道: [广东珠江] 来自 JackTV.m3u
DEBUG: 未匹配频道: [广东体育] 来自 JackTV.m3u
DEBUG: 未匹配频道: [广州综合] 来自 JackTV.m3u
DEBUG: 未匹配频道: [广州新闻] 来自 JackTV.m3u
DEBUG: 未匹配频道: [广州南国都市4K] 来自 JackTV.m3u
DEBUG: 未匹配频道: [澳视澳门] 来自 JackTV.m3u
DEBUG: 未匹配频道: [澳门卫星] 来自 JackTV.m3u
DEBUG: 未匹配频道: [澳门体育] 来自 JackTV.m3u
DEBUG: 未匹配频道: [澳门综艺] 来自 JackTV.m3u
DEBUG: 未匹配频道: [澳门莲花] 来自 JackTV.m3u
DEBUG: 未匹配频道: [TVBJADE(HD)] 来自 JackTV.m3u
DEBUG: 未匹配频道: [翡翠一台(TVB1)] 来自 JackTV.m3u
DEBUG: 未匹配频道: [TVBJ] 来自 JackTV.m3u
DEBUG: 未匹配频道: [TVB翡翠剧集台(TVBDRAMA)] 来自 JackTV.m3u
DEBUG: 未匹配频道: [天映新加坡] 来自 JackTV.m3u
DEBUG: 未匹配频道: [天映频道马来西亚] 来自 JackTV.m3u
DEBUG: 未匹配频道: [金光布袋戏] 来自 JackTV.m3u
DEBUG: 未匹配频道: [HUAHEEDAI] 来自 JackTV.m3u
DEBUG: 未匹配频道: [IQIYI] 来自 JackTV.m3u
DEBUG: 未匹配频道: [8TV] 来自 JackTV.m3u
DEBUG: 未匹配频道: [SUPER奖门人] 来自 JackTV.m3u
DEBUG: 未匹配频道: [SUPEREYT] 来自 JackTV.m3u
DEBUG: 未匹配频道: [SUPER识食] 来自 JackTV.m3u
DEBUG: 未匹配频道: [SUPER识叹] 来自 JackTV.m3u
DEBUG: 未匹配频道: [SUPERMUSIC] 来自 JackTV.m3u
DEBUG: 未匹配频道: [SUPER金曲] 来自 JackTV.m3u
DEBUG: 未匹配频道: [SUPER煲剧] 来自 JackTV.m3u
DEBUG: 未匹配频道: [SUPER劇場] 来自 JackTV.m3u
DEBUG: 未匹配频道: [SUPER話當年] 来自 JackTV.m3u
DEBUG: 未匹配频道: [MYTVSUPER18台] 来自 JackTV.m3u
DEBUG: 未匹配频道: [黄金翡翠台] 来自 JackTV.m3u
DEBUG: 未匹配频道: [华语剧台] 来自 JackTV.m3u
DEBUG: 未匹配频道: [粤语片台] 来自 JackTV.m3u
DEBUG: 未匹配频道: [戏曲台] 来自 JackTV.m3u
DEBUG: 未匹配频道: [SUPERKIDSCHANNEL] 来自 JackTV.m3u
DEBUG: 未匹配频道: [ZOOMOO] 来自 JackTV.m3u
DEBUG: 未匹配频道: [NICKJR.] 来自 JackTV.m3u
DEBUG: 未匹配频道: [THRILL] 来自 JackTV.m3u
DEBUG: 未匹配频道: [中国电影频道] 来自 JackTV.m3u
DEBUG: 未匹配频道: [ROCKEXTREME] 来自 JackTV.m3u
DEBUG: 未匹配频道: [KIX] 来自 JackTV.m3u
DEBUG: 未匹配频道: [LOVENATUREHD] 来自 JackTV.m3u
DEBUG: 未匹配频道: [LOVENATURE4K] 来自 JackTV.m3u
DEBUG: 未匹配频道: [ANIMAX] 来自 JackTV.m3u
DEBUG: 未匹配频道: [无线卫星亚洲台] 来自 JackTV.m3u
DEBUG: 未匹配频道: [创世电视] 来自 JackTV.m3u
DEBUG: 未匹配频道: [FASHIONBOX] 来自 JackTV.m3u
DEBUG: 未匹配频道: [MEZZOLIVEHD] 来自 JackTV.m3u
DEBUG: 未匹配频道: [雲南瀾湄國際衛視] 来自 JackTV.m3u
DEBUG: 未匹配频道: [安徽廣播電視台國際頻道] 来自 JackTV.m3u
DEBUG: 未匹配频道: [北京電視台國際頻道] 来自 JackTV.m3u
DEBUG: 未匹配频道: [廣西電視台國際頻道] 来自 JackTV.m3u
DEBUG: 未匹配频道: [海峡卫视] 来自 JackTV.m3u
DEBUG: 未匹配频道: [湖南電視台國際頻道] 来自 JackTV.m3u
DEBUG: 未匹配频道: [江蘇電視台國際頻道] 来自 JackTV.m3u
DEBUG: 未匹配频道: [大湾区卫视] 来自 JackTV.m3u
DEBUG: 未匹配频道: [浙江電視台國際頻道] 来自 JackTV.m3u
DEBUG: 未匹配频道: [东方卫视国际频道] 来自 JackTV.m3u
DEBUG: 未匹配频道: [凤凰卫视香港台] 来自 JackTV.m3u
DEBUG: 未匹配频道: [中央電視台綜合頻道 (港澳版)] 来自 JackTV.m3u
DEBUG: 未匹配频道: [CGTN(中国环球电视网)记录频道] 来自 JackTV.m3u
DEBUG: 未匹配频道: [CGTN(中国环球电视网)英语频道] 来自 JackTV.m3u
DEBUG: 未匹配频道: [神州新聞台] 来自 JackTV.m3u
DEBUG: 未匹配频道: [无线卫星新闻台] 来自 JackTV.m3u
DEBUG: 未匹配频道: [亚洲新闻台] 来自 JackTV.m3u
DEBUG: 未匹配频道: [半岛电视台英语频道] 来自 JackTV.m3u
DEBUG: 未匹配频道: [FRANCE24] 来自 JackTV.m3u
DEBUG: 未匹配频道: [DW] 来自 JackTV.m3u
DEBUG: 未匹配频道: [NHKWORLDJAPAN] 来自 JackTV.m3u
DEBUG: 未匹配频道: [ARIRANGTV] 来自 JackTV.m3u
DEBUG: 未匹配频道: [SUPERSPORTS] 来自 JackTV.m3u
DEBUG: 未匹配频道: [MYTVSUPER直播足球3台] 来自 JackTV.m3u
DEBUG: 未匹配频道: [互動窗 1] 来自 JackTV.m3u
DEBUG: 未匹配频道: [互動窗 2] 来自 JackTV.m3u
DEBUG: 未匹配频道: [NOW 70s] 来自 JackTV.m3u
DEBUG: 未匹配频道: [NOW 80s] 来自 JackTV.m3u
DEBUG: 未匹配频道: [NOW ROCK] 来自 JackTV.m3u
DEBUG: 未匹配频道: [NOW 90s00s] 来自 JackTV.m3u
DEBUG: 未匹配频道: [Concerto] 来自 JackTV.m3u
DEBUG: 未匹配频道: [TRACEURBAN] 来自 JackTV.m3u
DEBUG: 未匹配频道: [NewsWorld] 来自 JackTV.m3u
DEBUG: 未匹配频道: [CCTV-5Plus体育赛事] 来自 Live.txt
DEBUG: 未匹配频道: [CCTV-5Plus体育赛事] 来自 Live.txt
DEBUG: 未匹配频道: [CCTV-5Plus体育赛事] 来自 Live.txt
DEBUG: 未匹配频道: [CCTV-7国防军事] 来自 Live.txt
DEBUG: 未匹配频道: [CCTV-7国防军事] 来自 Live.txt
DEBUG: 未匹配频道: [CCTV-7国防军事] 来自 Live.txt
DEBUG: 未匹配频道: [CCTV-7国防军事] 来自 Live.txt
DEBUG: 未匹配频道: [CCTV-7国防军事] 来自 Live.txt
DEBUG: 未匹配频道: [CGTN新闻] 来自 Live.txt
DEBUG: 未匹配频道: [CGTN新闻] 来自 Live.txt
DEBUG: 未匹配频道: [CGTN新闻] 来自 Live.txt
DEBUG: 未匹配频道: [CGTN新闻] 来自 Live.txt
DEBUG: 未匹配频道: [CGTN纪录] 来自 Live.txt
DEBUG: 未匹配频道: [CGTN纪录] 来自 Live.txt
DEBUG: 未匹配频道: [CGTN纪录] 来自 Live.txt
DEBUG: 未匹配频道: [CGTN纪录] 来自 Live.txt
DEBUG: 未匹配频道: [CGTN西班牙语] 来自 Live.txt
DEBUG: 未匹配频道: [CGTN西班牙语] 来自 Live.txt
DEBUG: 未匹配频道: [CGTN法语] 来自 Live.txt
DEBUG: 未匹配频道: [CGTN法语] 来自 Live.txt
DEBUG: 未匹配频道: [CGTN法语] 来自 Live.txt
DEBUG: 未匹配频道: [CGTN法语] 来自 Live.txt
DEBUG: 未匹配频道: [CGTN阿拉伯语] 来自 Live.txt
DEBUG: 未匹配频道: [CGTN阿拉伯语] 来自 Live.txt
DEBUG: 未匹配频道: [CGTN俄语] 来自 Live.txt
DEBUG: 未匹配频道: [CGTN俄语] 来自 Live.txt
DEBUG: 未匹配频道: [山西卫视] 来自 Live.txt
DEBUG: 未匹配频道: [山西卫视] 来自 Live.txt
DEBUG: 未匹配频道: [山西卫视] 来自 Live.txt
DEBUG: 未匹配频道: [山西卫视] 来自 Live.txt
DEBUG: 未匹配频道: [内蒙古卫视] 来自 Live.txt
DEBUG: 未匹配频道: [内蒙古卫视] 来自 Live.txt
DEBUG: 未匹配频道: [内蒙古卫视] 来自 Live.txt
DEBUG: 未匹配频道: [内蒙古卫视] 来自 Live.txt
DEBUG: 未匹配频道: [延边卫视] 来自 Live.txt
DEBUG: 未匹配频道: [延边卫视] 来自 Live.txt
DEBUG: 未匹配频道: [海峡卫视] 来自 Live.txt
DEBUG: 未匹配频道: [海峡卫视] 来自 Live.txt
DEBUG: 未匹配频道: [海峡卫视] 来自 Live.txt
DEBUG: 未匹配频道: [海峡卫视] 来自 Live.txt
DEBUG: 未匹配频道: [厦门卫视] 来自 Live.txt
DEBUG: 未匹配频道: [厦门卫视] 来自 Live.txt
DEBUG: 未匹配频道: [三沙卫视] 来自 Live.txt
DEBUG: 未匹配频道: [三沙卫视] 来自 Live.txt
DEBUG: 未匹配频道: [三沙卫视] 来自 Live.txt
DEBUG: 未匹配频道: [三沙卫视] 来自 Live.txt
DEBUG: 未匹配频道: [康巴卫视] 来自 Live.txt
DEBUG: 未匹配频道: [康巴卫视] 来自 Live.txt
DEBUG: 未匹配频道: [西藏卫视] 来自 Live.txt
DEBUG: 未匹配频道: [西藏卫视] 来自 Live.txt
DEBUG: 未匹配频道: [西藏卫视] 来自 Live.txt
DEBUG: 未匹配频道: [西藏卫视] 来自 Live.txt
DEBUG: 未匹配频道: [甘肃卫视] 来自 Live.txt
DEBUG: 未匹配频道: [甘肃卫视] 来自 Live.txt
DEBUG: 未匹配频道: [甘肃卫视] 来自 Live.txt
DEBUG: 未匹配频道: [甘肃卫视] 来自 Live.txt
DEBUG: 未匹配频道: [甘肃卫视] 来自 Live.txt
DEBUG: 未匹配频道: [宁夏卫视] 来自 Live.txt
DEBUG: 未匹配频道: [宁夏卫视] 来自 Live.txt
DEBUG: 未匹配频道: [宁夏卫视] 来自 Live.txt
DEBUG: 未匹配频道: [宁夏卫视] 来自 Live.txt
DEBUG: 未匹配频道: [新疆卫视] 来自 Live.txt
DEBUG: 未匹配频道: [新疆卫视] 来自 Live.txt
DEBUG: 未匹配频道: [新疆卫视] 来自 Live.txt
DEBUG: 未匹配频道: [新疆卫视] 来自 Live.txt
DEBUG: 未匹配频道: [兵团卫视] 来自 Live.txt
DEBUG: 未匹配频道: [兵团卫视] 来自 Live.txt
DEBUG: 未匹配频道: [兵团卫视] 来自 Live.txt
DEBUG: 未匹配频道: [兵团卫视] 来自 Live.txt
DEBUG: 未匹配频道: [北京纪实科教] 来自 Live.txt
DEBUG: 未匹配频道: [北京纪实科教] 来自 Live.txt
DEBUG: 未匹配频道: [金鹰纪实] 来自 Live.txt
DEBUG: 未匹配频道: [金鹰纪实] 来自 Live.txt
DEBUG: 未匹配频道: [金鹰纪实] 来自 Live.txt
DEBUG: 未匹配频道: [金鹰纪实] 来自 Live.txt
DEBUG: 未匹配频道: [CETV-1综合教育] 来自 Live.txt
DEBUG: 未匹配频道: [CETV-1综合教育] 来自 Live.txt
DEBUG: 未匹配频道: [CETV-1综合教育] 来自 Live.txt
DEBUG: 未匹配频道: [CETV-1综合教育] 来自 Live.txt
DEBUG: 未匹配频道: [CETV-1综合教育] 来自 Live.txt
DEBUG: 未匹配频道: [CETV-1综合教育] 来自 Live.txt
DEBUG: 未匹配频道: [CETV-2教育教学] 来自 Live.txt
DEBUG: 未匹配频道: [CETV-2教育教学] 来自 Live.txt
DEBUG: 未匹配频道: [CETV-2教育教学] 来自 Live.txt
DEBUG: 未匹配频道: [CETV-2教育教学] 来自 Live.txt
DEBUG: 未匹配频道: [CETV-4职业教育] 来自 Live.txt
DEBUG: 未匹配频道: [CETV-4职业教育] 来自 Live.txt
DEBUG: 未匹配频道: [山东教育卫视] 来自 Live.txt
DEBUG: 未匹配频道: [山东教育卫视] 来自 Live.txt
DEBUG: 未匹配频道: [卡酷少儿] 来自 Live.txt
DEBUG: 未匹配频道: [卡酷少儿] 来自 Live.txt
DEBUG: 未匹配频道: [卡酷少儿] 来自 Live.txt
DEBUG: 未匹配频道: [卡酷少儿] 来自 Live.txt
DEBUG: 未匹配频道: [卡酷少儿] 来自 Live.txt
DEBUG: 未匹配频道: [金鹰卡通] 来自 Live.txt
DEBUG: 未匹配频道: [金鹰卡通] 来自 Live.txt
DEBUG: 未匹配频道: [金鹰卡通] 来自 Live.txt
DEBUG: 未匹配频道: [哈哈炫动] 来自 Live.txt
DEBUG: 未匹配频道: [哈哈炫动] 来自 Live.txt
DEBUG: 未匹配频道: [哈哈炫动] 来自 Live.txt
DEBUG: 未匹配频道: [嘉佳卡通] 来自 Live.txt
DEBUG: 未匹配频道: [嘉佳卡通] 来自 Live.txt
DEBUG: 未匹配频道: [优漫卡通] 来自 Live.txt
DEBUG: 未匹配频道: [优漫卡通] 来自 Live.txt
DEBUG: 未匹配频道: [央广购物] 来自 Live.txt
DEBUG: 未匹配频道: [央广购物] 来自 Live.txt
DEBUG: 未匹配频道: [央广购物] 来自 Live.txt
DEBUG: 未匹配频道: [央广购物] 来自 Live.txt
DEBUG: 未匹配频道: [环球奇观] 来自 Live.txt
DEBUG: 未匹配频道: [环球奇观] 来自 Live.txt
DEBUG: 未匹配频道: [高尔夫·网球] 来自 Live.txt
DEBUG: 未匹配频道: [高尔夫·网球] 来自 Live.txt
DEBUG: 未匹配频道: [CHC家庭影院] 来自 Live.txt
DEBUG: 未匹配频道: [CHC家庭影院] 来自 Live.txt
DEBUG: 未匹配频道: [CHC影迷电影] 来自 Live.txt
DEBUG: 未匹配频道: [CHC影迷电影] 来自 Live.txt
DEBUG: 未匹配频道: [CHC动作电影] 来自 Live.txt
DEBUG: 未匹配频道: [CHC动作电影] 来自 Live.txt
DEBUG: 未匹配频道: [早期教育] 来自 Live.txt
DEBUG: 未匹配频道: [早期教育] 来自 Live.txt
DEBUG: 未匹配频道: [中国天气] 来自 Live.txt
DEBUG: 未匹配频道: [中国天气] 来自 Live.txt
DEBUG: 未匹配频道: [中国天气] 来自 Live.txt
DEBUG: 未匹配频道: [中国天气] 来自 Live.txt
DEBUG: 未匹配频道: [优优宝贝] 来自 Live.txt
DEBUG: 未匹配频道: [优优宝贝] 来自 Live.txt
DEBUG: 未匹配频道: [中华特产] 来自 Live.txt
DEBUG: 未匹配频道: [中华特产] 来自 Live.txt
DEBUG: 未匹配频道: [生态环境] 来自 Live.txt
DEBUG: 未匹配频道: [生态环境] 来自 Live.txt
DEBUG: 未匹配频道: [新动漫] 来自 Live.txt
DEBUG: 未匹配频道: [新动漫] 来自 Live.txt
DEBUG: 未匹配频道: [家庭理财] 来自 Live.txt
DEBUG: 未匹配频道: [家庭理财] 来自 Live.txt
DEBUG: 未匹配频道: [东方财经] 来自 Live.txt
DEBUG: 未匹配频道: [东方财经] 来自 Live.txt
DEBUG: 未匹配频道: [动漫秀场] 来自 Live.txt
DEBUG: 未匹配频道: [动漫秀场] 来自 Live.txt
DEBUG: 未匹配频道: [动漫秀场] 来自 Live.txt
DEBUG: 未匹配频道: [动漫秀场] 来自 Live.txt
DEBUG: 未匹配频道: [游戏风云] 来自 Live.txt
DEBUG: 未匹配频道: [游戏风云] 来自 Live.txt
DEBUG: 未匹配频道: [游戏风云] 来自 Live.txt
DEBUG: 未匹配频道: [游戏风云] 来自 Live.txt
DEBUG: 未匹配频道: [乐游] 来自 Live.txt
DEBUG: 未匹配频道: [乐游] 来自 Live.txt
DEBUG: 未匹配频道: [乐游] 来自 Live.txt
DEBUG: 未匹配频道: [乐游] 来自 Live.txt
DEBUG: 未匹配频道: [法治天地] 来自 Live.txt
DEBUG: 未匹配频道: [法治天地] 来自 Live.txt
DEBUG: 未匹配频道: [法治天地] 来自 Live.txt
DEBUG: 未匹配频道: [法治天地] 来自 Live.txt
DEBUG: 未匹配频道: [都市剧场] 来自 Live.txt
DEBUG: 未匹配频道: [都市剧场] 来自 Live.txt
DEBUG: 未匹配频道: [都市剧场] 来自 Live.txt
DEBUG: 未匹配频道: [都市剧场] 来自 Live.txt
DEBUG: 未匹配频道: [欢笑剧场4K] 来自 Live.txt
DEBUG: 未匹配频道: [欢笑剧场4K] 来自 Live.txt
DEBUG: 未匹配频道: [欢笑剧场4K] 来自 Live.txt
DEBUG: 未匹配频道: [欢笑剧场4K] 来自 Live.txt
DEBUG: 未匹配频道: [金色学堂] 来自 Live.txt
DEBUG: 未匹配频道: [金色学堂] 来自 Live.txt
DEBUG: 未匹配频道: [金色学堂] 来自 Live.txt
DEBUG: 未匹配频道: [金色学堂] 来自 Live.txt
DEBUG: 未匹配频道: [生活时尚] 来自 Live.txt
DEBUG: 未匹配频道: [生活时尚] 来自 Live.txt
DEBUG: 未匹配频道: [生活时尚] 来自 Live.txt
DEBUG: 未匹配频道: [生活时尚] 来自 Live.txt
DEBUG: 未匹配频道: [财富天下] 来自 Live.txt
DEBUG: 未匹配频道: [财富天下] 来自 Live.txt
DEBUG: 未匹配频道: [茶] 来自 Live.txt
DEBUG: 未匹配频道: [茶] 来自 Live.txt
DEBUG: 未匹配频道: [茶] 来自 Live.txt
DEBUG: 未匹配频道: [茶] 来自 Live.txt
DEBUG: 未匹配频道: [先锋乒羽] 来自 Live.txt
DEBUG: 未匹配频道: [先锋乒羽] 来自 Live.txt
DEBUG: 未匹配频道: [快乐垂钓] 来自 Live.txt
DEBUG: 未匹配频道: [快乐垂钓] 来自 Live.txt
DEBUG: 未匹配频道: [快乐垂钓] 来自 Live.txt
DEBUG: 未匹配频道: [快乐垂钓] 来自 Live.txt
DEBUG: 未匹配频道: [睛彩竞技] 来自 Live.txt
DEBUG: 未匹配频道: [睛彩竞技] 来自 Live.txt
DEBUG: 未匹配频道: [睛彩青少] 来自 Live.txt
DEBUG: 未匹配频道: [睛彩青少] 来自 Live.txt
DEBUG: 未匹配频道: [睛彩篮球] 来自 Live.txt
DEBUG: 未匹配频道: [睛彩篮球] 来自 Live.txt
DEBUG: 未匹配频道: [爱情喜剧] 来自 Live.txt
DEBUG: 未匹配频道: [爱情喜剧] 来自 Live.txt
DEBUG: 未匹配频道: [潮妈辣婆] 来自 Live.txt
DEBUG: 未匹配频道: [潮妈辣婆] 来自 Live.txt
DEBUG: 未匹配频道: [动作电影] 来自 Live.txt
DEBUG: 未匹配频道: [动作电影] 来自 Live.txt
DEBUG: 未匹配频道: [古装剧场] 来自 Live.txt
DEBUG: 未匹配频道: [古装剧场] 来自 Live.txt
DEBUG: 未匹配频道: [家庭剧场] 来自 Live.txt
DEBUG: 未匹配频道: [家庭剧场] 来自 Live.txt
DEBUG: 未匹配频道: [金牌综艺] 来自 Live.txt
DEBUG: 未匹配频道: [金牌综艺] 来自 Live.txt
DEBUG: 未匹配频道: [惊悚悬疑] 来自 Live.txt
DEBUG: 未匹配频道: [惊悚悬疑] 来自 Live.txt
DEBUG: 未匹配频道: [精彩轮播] 来自 Live.txt
DEBUG: 未匹配频道: [精彩轮播] 来自 Live.txt
DEBUG: 未匹配频道: [精品大剧] 来自 Live.txt
DEBUG: 未匹配频道: [精品大剧] 来自 Live.txt
DEBUG: 未匹配频道: [精品纪录] 来自 Live.txt
DEBUG: 未匹配频道: [精品纪录] 来自 Live.txt
DEBUG: 未匹配频道: [精品萌宠] 来自 Live.txt
DEBUG: 未匹配频道: [精品萌宠] 来自 Live.txt
DEBUG: 未匹配频道: [精品体育] 来自 Live.txt
DEBUG: 未匹配频道: [精品体育] 来自 Live.txt
DEBUG: 未匹配频道: [军旅剧场] 来自 Live.txt
DEBUG: 未匹配频道: [军旅剧场] 来自 Live.txt
DEBUG: 未匹配频道: [军事评论] 来自 Live.txt
DEBUG: 未匹配频道: [军事评论] 来自 Live.txt
DEBUG: 未匹配频道: [热播精选] 来自 Live.txt
DEBUG: 未匹配频道: [热播精选] 来自 Live.txt
DEBUG: 未匹配频道: [炫舞未来] 来自 Live.txt
DEBUG: 未匹配频道: [炫舞未来] 来自 Live.txt
DEBUG: 未匹配频道: [怡伴健康] 来自 Live.txt
DEBUG: 未匹配频道: [怡伴健康] 来自 Live.txt
DEBUG: 未匹配频道: [中国功夫] 来自 Live.txt
DEBUG: 未匹配频道: [中国功夫] 来自 Live.txt
DEBUG: 未匹配频道: [哒啵电竞] 来自 Live.txt
DEBUG: 未匹配频道: [哒啵电竞] 来自 Live.txt
DEBUG: 未匹配频道: [哒啵赛事] 来自 Live.txt
DEBUG: 未匹配频道: [哒啵赛事] 来自 Live.txt
DEBUG: 未匹配频道: [纯享4K] 来自 Live.txt
DEBUG: 未匹配频道: [纯享4K] 来自 Live.txt
DEBUG: 未匹配频道: [黑莓电影] 来自 Live.txt
DEBUG: 未匹配频道: [黑莓电影] 来自 Live.txt
DEBUG: 未匹配频道: [黑莓动画] 来自 Live.txt
DEBUG: 未匹配频道: [黑莓动画] 来自 Live.txt
DEBUG: 未匹配频道: [天下足球] 来自 Live.txt
DEBUG: 未匹配频道: [天下足球] 来自 Live.txt
DEBUG: 未匹配频道: [好享购物] 来自 Live.txt
DEBUG: 未匹配频道: [好享购物] 来自 Live.txt
DEBUG: 未匹配频道: [Now新聞台] 来自 Live.txt
DEBUG: 未匹配频道: [鳳凰資訊台] 来自 Live.txt
DEBUG: 未匹配频道: [無綫新聞台] 来自 Live.txt
DEBUG: 未匹配频道: [翡翠台广电] 来自 Live.txt
DEBUG: 未匹配频道: [8TV] 来自 Live.txt
DEBUG: 未匹配频道: [天映新加坡] 来自 Live.txt
DEBUG: 未匹配频道: [翡翠台4K] 来自 Live.txt
DEBUG: 未匹配频道: [天映频道] 来自 Live.txt
DEBUG: 未匹配频道: [金光布袋戏] 来自 Live.txt
DEBUG: 未匹配频道: [IQIYI] 来自 Live.txt
DEBUG: 未匹配频道: [民视影剧台] 来自 Live.txt
DEBUG: 未匹配频道: [公视戏剧] 来自 Live.txt
DEBUG: 未匹配频道: [采昌影剧台] 来自 Live.txt
DEBUG: 未匹配频道: [靖洋戏剧台] 来自 Live.txt
DEBUG: 未匹配频道: [精选动漫台] 来自 Live.txt
DEBUG: 未匹配频道: [金光布袋戏] 来自 Live.txt
DEBUG: 未匹配频道: [纬来戏剧台] 来自 Live.txt
DEBUG: 未匹配频道: [年代新闻台] 来自 Live.txt
DEBUG: 未匹配频道: [天映频道] 来自 Live.txt
DEBUG: 未匹配频道: [八度空间] 来自 Live.txt
DEBUG: 未匹配频道: [爱奇艺] 来自 Live.txt
DEBUG: 未匹配频道: [One] 来自 MeLive.m3u
DEBUG: 未匹配频道: [华丽台 HD (Wah Lai Toi)] 来自 MeLive.m3u
DEBUG: 未匹配频道: [欢喜台 HD(Hua Hee Tai)] 来自 MeLive.m3u
DEBUG: 未匹配频道: [TVB Jade] 来自 MeLive.m3u
DEBUG: 未匹配频道: [爱奇艺 iQiyi] 来自 MeLive.m3u
DEBUG: 未匹配频道: [TVB 星河台 Xing He] 来自 MeLive.m3u
DEBUG: 未匹配频道: [TVB Asia] 来自 MeLive.m3u
DEBUG: 未匹配频道: [TVB Entertainment] 来自 MeLive.m3u
DEBUG: 未匹配频道: [TVB Classic] 来自 MeLive.m3u
DEBUG: 未匹配频道: [Celestial Classic] 来自 MeLive.m3u
DEBUG: 未匹配频道: [Celestial Movies HD] 来自 MeLive.m3u
DEBUG: 未匹配频道: [翡翠台 (Back up 1)] 来自 MeLive.m3u
DEBUG: 未匹配频道: [iNews 互動新聞台] 来自 MeLive.m3u
DEBUG: 未匹配频道: [J 2] 来自 MeLive.m3u
DEBUG: 未匹配频道: [无线财经资讯台] 来自 MeLive.m3u
DEBUG: 未匹配频道: [RHK 31] 来自 MeLive.m3u
DEBUG: 未匹配频道: [RHK 32] 来自 MeLive.m3u
DEBUG: 未匹配频道: [TVB Asia] 来自 MeLive.m3u
DEBUG: 未匹配频道: [TVB Entertainment] 来自 MeLive.m3u
DEBUG: 未匹配频道: [TVB Classic] 来自 MeLive.m3u
DEBUG: 未匹配频道: [Astro PL 1] 来自 MeLive.m3u
DEBUG: 未匹配频道: [Astro PL 1 (Back Up 1)] 来自 MeLive.m3u
DEBUG: 未匹配频道: [Astro PL 1 (Back Up 2)] 来自 MeLive.m3u
DEBUG: 未匹配频道: [Astro W-Sports] 来自 MeLive.m3u
DEBUG: 未匹配频道: [Astro PL 2] 来自 MeLive.m3u
DEBUG: 未匹配频道: [WWE] 来自 MeLive.m3u
DEBUG: 未匹配频道: [博斯高球2 HD] 来自 MeLive.m3u
DEBUG: 未匹配频道: [博斯网球 HD] 来自 MeLive.m3u
DEBUG: 未匹配频道: [Arena] 来自 MeLive.m3u
DEBUG: 未匹配频道: [Arena 2] 来自 MeLive.m3u
DEBUG: 未匹配频道: [Arena Bola 1] 来自 MeLive.m3u
DEBUG: 未匹配频道: [Arena Bola 2] 来自 MeLive.m3u
DEBUG: 未匹配频道: [Astro Golf] 来自 MeLive.m3u
DEBUG: 未匹配频道: [RTM Sports HD] 来自 MeLive.m3u
DEBUG: 未匹配频道: [Astro Football] 来自 MeLive.m3u
DEBUG: 未匹配频道: [Astro Football (Back Up 1)] 来自 MeLive.m3u
DEBUG: 未匹配频道: [Astro Badminton] 来自 MeLive.m3u
DEBUG: 未匹配频道: [Astro Badminton 2] 来自 MeLive.m3u
DEBUG: 未匹配频道: [SPOTV 1 HD] 来自 MeLive.m3u
DEBUG: 未匹配频道: [SPO TV 2] 来自 MeLive.m3u
DEBUG: 未匹配频道: [Supersports 2] 来自 MeLive.m3u
DEBUG: 未匹配频道: [Astro Grandstand] 来自 MeLive.m3u
DEBUG: 未匹配频道: [Tnt Sports 1] 来自 MeLive.m3u
DEBUG: 未匹配频道: [Astro Grandstand (Back Up 1)] 来自 MeLive.m3u
DEBUG: 未匹配频道: [TNT Sports 2] 来自 MeLive.m3u
DEBUG: 未匹配频道: [TNT Sports 3] 来自 MeLive.m3u
DEBUG: 未匹配频道: [TNT Sports 4] 来自 MeLive.m3u
DEBUG: 未匹配频道: [Astro Sports Plus] 来自 MeLive.m3u
DEBUG: 未匹配频道: [Elta体育1台] 来自 MeLive.m3u
DEBUG: 未匹配频道: [Elta體育2台] 来自 MeLive.m3u
DEBUG: 未匹配频道: [Elta體育3台] 来自 MeLive.m3u
DEBUG: 未匹配频道: [Rugby Pass TV] 来自 MeLive.m3u
DEBUG: 未匹配频道: [Astro Beinsports 1] 来自 MeLive.m3u
DEBUG: 未匹配频道: [Astro Beinsports 2] 来自 MeLive.m3u
DEBUG: 未匹配频道: [Astro Beinsports 3] 来自 MeLive.m3u
DEBUG: 未匹配频道: [Skysports Cricket] 来自 MeLive.m3u
DEBUG: 未匹配频道: [Skysports EPL] 来自 MeLive.m3u
DEBUG: 未匹配频道: [Skysports F1] 来自 MeLive.m3u
DEBUG: 未匹配频道: [Skysports Golf] 来自 MeLive.m3u
DEBUG: 未匹配频道: [Skysports Main Event] 来自 MeLive.m3u
DEBUG: 未匹配频道: [Skysports Mix] 来自 MeLive.m3u
DEBUG: 未匹配频道: [Skysports Racing] 来自 MeLive.m3u
DEBUG: 未匹配频道: [DAZN 1] 来自 MeLive.m3u
DEBUG: 未匹配频道: [DAZN 2] 来自 MeLive.m3u
DEBUG: 未匹配频道: [中天娱乐 CTI Entertaiment] 来自 MeLive.m3u
DEBUG: 未匹配频道: [中天综合 CTI Metro] 来自 MeLive.m3u
DEBUG: 未匹配频道: [台视 TTV HD] 来自 MeLive.m3u
DEBUG: 未匹配频道: [台视综合台] 来自 MeLive.m3u
DEBUG: 未匹配频道: [中视 HD] 来自 MeLive.m3u
DEBUG: 未匹配频道: [民视 HD] 来自 MeLive.m3u
DEBUG: 未匹配频道: [华视 CTS HD] 来自 MeLive.m3u
DEBUG: 未匹配频道: [公视 CTV] 来自 MeLive.m3u
DEBUG: 未匹配频道: [八大第一 GTV First] 来自 MeLive.m3u
DEBUG: 未匹配频道: [八大综合 GTV Metro] 来自 MeLive.m3u
DEBUG: 未匹配频道: [八大戏剧 GTV Drama] 来自 MeLive.m3u
DEBUG: 未匹配频道: [八大娱乐 GTV Entertainment] 来自 MeLive.m3u
DEBUG: 未匹配频道: [HBO Signature Taiwan] 来自 MeLive.m3u
DEBUG: 未匹配频道: [Hollywood Movies] 来自 MeLive.m3u
DEBUG: 未匹配频道: [三立台湾 Sanli Taiwan] 来自 MeLive.m3u
DEBUG: 未匹配频道: [三立戏剧台] 来自 MeLive.m3u
DEBUG: 未匹配频道: [三立综合 Sanli Metro] 来自 MeLive.m3u
DEBUG: 未匹配频道: [三立都会台] 来自 MeLive.m3u
DEBUG: 未匹配频道: [东森综合 ETTV Metro] 来自 MeLive.m3u
DEBUG: 未匹配频道: [东森戏剧 ETTV Drama] 来自 MeLive.m3u
DEBUG: 未匹配频道: [公视2] 来自 MeLive.m3u
DEBUG: 未匹配频道: [大爱1台] 来自 MeLive.m3u
DEBUG: 未匹配频道: [龙华戏剧 Lunghua Drama] 来自 MeLive.m3u
DEBUG: 未匹配频道: [AXN Taiwan] 来自 MeLive.m3u
DEBUG: 未匹配频道: [靖天国际台] 来自 MeLive.m3u
DEBUG: 未匹配频道: [年代新闻] 来自 MeLive.m3u
DEBUG: 未匹配频道: [纬来综合台] 来自 MeLive.m3u
DEBUG: 未匹配频道: [纬来育乐] 来自 MeLive.m3u
DEBUG: 未匹配频道: [纬来精彩] 来自 MeLive.m3u
DEBUG: 未匹配频道: [DW (Deutsch)] 来自 MeLive.m3u
DEBUG: 未匹配频道: [好消息 2] 来自 MeLive.m3u
DEBUG: 未匹配频道: [大爱2台] 来自 MeLive.m3u
DEBUG: 未匹配频道: [亚洲旅游 TLC Asia] 来自 MeLive.m3u
DEBUG: 未匹配频道: [东森电影 ETTV Movie] 来自 MeLive.m3u
DEBUG: 未匹配频道: [阿里郎 Arirang] 来自 MeLive.m3u
DEBUG: 未匹配频道: [博斯高球2 HD] 来自 MeLive.m3u
DEBUG: 未匹配频道: [博斯网球 HD] 来自 MeLive.m3u
DEBUG: 未匹配频道: [东森洋片 ETTV Western] 来自 MeLive.m3u
DEBUG: 未匹配频道: [龙华洋片 Lunghua Western] 来自 MeLive.m3u
DEBUG: 未匹配频道: [MTV Live] 来自 MeLive.m3u
DEBUG: 未匹配频道: [EYETV 旅游] 来自 MeLive.m3u
DEBUG: 未匹配频道: [靖天卡通台] 来自 MeLive.m3u
DEBUG: 未匹配频道: [EYETV 戏剧] 来自 MeLive.m3u
DEBUG: 未匹配频道: [卫视中文台 Star Movies Chinese] 来自 MeLive.m3u
DEBUG: 未匹配频道: [东森幼幼 Yoyo TV] 来自 MeLive.m3u
DEBUG: 未匹配频道: [爱尔达戏剧台] 来自 MeLive.m3u
DEBUG: 未匹配频道: [TVBS News 新聞台] 来自 MeLive.m3u
DEBUG: 未匹配频道: [Asia Food Network] 来自 MeLive.m3u
DEBUG: 未匹配频道: [東森新聞 ETTV News] 来自 MeLive.m3u
DEBUG: 未匹配频道: [東森財經新聞 ETTV Business] 来自 MeLive.m3u
DEBUG: 未匹配频道: [中天新聞 CTI News] 来自 MeLive.m3u
DEBUG: 未匹配频道: [非凡新聞台] 来自 MeLive.m3u
DEBUG: 未匹配频道: [台視新聞台 TTV News] 来自 MeLive.m3u
DEBUG: 未匹配频道: [Elta体育1台] 来自 MeLive.m3u
DEBUG: 未匹配频道: [Elta體育2台] 来自 MeLive.m3u
DEBUG: 未匹配频道: [Elta體育3台] 来自 MeLive.m3u
DEBUG: 未匹配频道: [民視新聞台 FTV News] 来自 MeLive.m3u
DEBUG: 未匹配频道: [DAZN 1] 来自 MeLive.m3u
DEBUG: 未匹配频道: [DAZN 2] 来自 MeLive.m3u
DEBUG: 未匹配频道: [CCTV-13 新聞與頻道] 来自 MeLive.m3u
DEBUG: 未匹配频道: [CGTN] 来自 MeLive.m3u
DEBUG: 未匹配频道: [TVBS News 新聞台] 来自 MeLive.m3u
DEBUG: 未匹配频道: [東森新聞 ETTV News] 来自 MeLive.m3u
DEBUG: 未匹配频道: [東森財經新聞 ETTV Business] 来自 MeLive.m3u
DEBUG: 未匹配频道: [中天新聞 CTI News] 来自 MeLive.m3u
DEBUG: 未匹配频道: [非凡新聞台] 来自 MeLive.m3u
DEBUG: 未匹配频道: [台視新聞台 TTV News] 来自 MeLive.m3u
DEBUG: 未匹配频道: [民視新聞台 FTV News] 来自 MeLive.m3u
DEBUG: 未匹配频道: [CCTV-2 財經] 来自 MeLive.m3u
DEBUG: 未匹配频道: [CCTV-3 綜藝] 来自 MeLive.m3u
DEBUG: 未匹配频道: [CCTV-4 中文國際 (備:1)] 来自 MeLive.m3u
DEBUG: 未匹配频道: [CCTV-6 電影] 来自 MeLive.m3u
DEBUG: 未匹配频道: [CCTV-7 軍事農業] 来自 MeLive.m3u
DEBUG: 未匹配频道: [CCTV-8 電視劇] 来自 MeLive.m3u
DEBUG: 未匹配频道: [CCTV-9 紀錄] 来自 MeLive.m3u
DEBUG: 未匹配频道: [CCTV-11 戲曲] 来自 MeLive.m3u
DEBUG: 未匹配频道: [CCTV-12 社會與法] 来自 MeLive.m3u
DEBUG: 未匹配频道: [CCTV-14 少兒] 来自 MeLive.m3u
DEBUG: 未匹配频道: [CCTV-15 音樂] 来自 MeLive.m3u
DEBUG: 未匹配频道: [CCTV-13 新聞與頻道] 来自 MeLive.m3u
DEBUG: 未匹配频道: [福建东南卫视] 来自 MeLive.m3u
DEBUG: 未匹配频道: [广东南方卫视] 来自 MeLive.m3u
DEBUG: 未匹配频道: [珠江台] 来自 MeLive.m3u
DEBUG: 未匹配频道: [CGTN] 来自 MeLive.m3u
DEBUG: 未匹配频道: [Momo TV] 来自 MeLive.m3u
DEBUG: 未匹配频道: [靖天卡通台] 来自 MeLive.m3u
DEBUG: 未匹配频道: [东森幼幼 Yoyo TV] 来自 MeLive.m3u
DEBUG: 未匹配频道: [Channel 5 backup] 来自 MeLive.m3u
DEBUG: 未匹配频道: [Channel 8 backup] 来自 MeLive.m3u
DEBUG: 未匹配频道: [Channel U backup] 来自 MeLive.m3u
DEBUG: 未匹配频道: [CCTV-6 電影] 来自 MeLive.m3u
DEBUG: 未匹配频道: [HBO Signature Taiwan] 来自 MeLive.m3u
DEBUG: 未匹配频道: [Hollywood Movies] 来自 MeLive.m3u
DEBUG: 未匹配频道: [AXN Taiwan] 来自 MeLive.m3u
DEBUG: 未匹配频道: [大爱2台] 来自 MeLive.m3u
DEBUG: 未匹配频道: [东森电影 ETTV Movie] 来自 MeLive.m3u
DEBUG: 未匹配频道: [东森洋片 ETTV Western] 来自 MeLive.m3u
DEBUG: 未匹配频道: [龙华洋片 Lunghua Western] 来自 MeLive.m3u
DEBUG: 未匹配频道: [卫视中文台 Star Movies Chinese] 来自 MeLive.m3u
DEBUG: 未匹配频道: [天映頻道Celestial Movies] 来自 MeLive.m3u
DEBUG: 未匹配频道: [Celestial Classic] 来自 MeLive.m3u
DEBUG: 未匹配频道: [Asia Travel] 来自 MeLive.m3u
DEBUG: 未匹配频道: [BBC Earth HD] 来自 MeLive.m3u
DEBUG: 未匹配频道: [BBC Earth Lifestyle] 来自 MeLive.m3u
DEBUG: 未匹配频道: [Now新聞台] 来自 MyTV.m3u
DEBUG: 未匹配频道: [天映频道] 来自 MyTV.m3u
DEBUG: 未匹配频道: [天映频道] 来自 MyTV.m3u
DEBUG: 未匹配频道: [金光布袋戏] 来自 MyTV.m3u
DEBUG: 未匹配频道: [HUAHEEDAI] 来自 MyTV.m3u
DEBUG: 未匹配频道: [民視影劇台] 来自 MyTV.m3u
DEBUG: 未匹配频道: [公視戲劇] 来自 MyTV.m3u
DEBUG: 未匹配频道: [采昌影劇台] 来自 MyTV.m3u
DEBUG: 未匹配频道: [靖洋戲劇台] 来自 MyTV.m3u
DEBUG: 未匹配频道: [影迷數位電影台] 来自 MyTV.m3u
DEBUG: 未匹配频道: [經典電影台] 来自 MyTV.m3u
DEBUG: 未匹配频道: [精選動漫台] 来自 MyTV.m3u
